{"/home/travis/build/npmtest/node-npmtest-node-telegram-bot/test.js":{"path":"/home/travis/build/npmtest/node-npmtest-node-telegram-bot/test.js","s":{"1":2,"2":2,"3":2,"4":2,"5":2,"6":2,"7":2,"8":1,"9":2,"10":2,"11":1,"12":1,"13":1,"14":1,"15":2,"16":2,"17":2,"18":2,"19":1,"20":1,"21":2,"22":2,"23":2,"24":1,"25":1,"26":1,"27":1,"28":1,"29":1,"30":1,"31":1,"32":1,"33":1,"34":1,"35":1,"36":1,"37":1,"38":1,"39":2,"40":2,"41":1,"42":2,"43":2,"44":1,"45":2,"46":2,"47":1,"48":2,"49":2,"50":1,"51":1,"52":1,"53":1,"54":1},"b":{"1":[2,1,1,1],"2":[1,1,1,1],"3":[1,1],"4":[1,1],"5":[1,1],"6":[1,1],"7":[1,1],"8":[1,1],"9":[1,1],"10":[1,1,1],"11":[1,1],"12":[1,1],"13":[1,1],"14":[1,1],"15":[1,1],"16":[1,1],"17":[1,1]},"f":{"1":2,"2":2,"3":2,"4":2,"5":2,"6":1,"7":1,"8":1,"9":2,"10":2,"11":2,"12":2,"13":1},"fnMap":{"1":{"name":"(anonymous_1)","line":12,"loc":{"start":{"line":12,"column":1},"end":{"line":12,"column":13}}},"2":{"name":"(anonymous_2)","line":19,"loc":{"start":{"line":19,"column":5},"end":{"line":19,"column":17}}},"3":{"name":"(anonymous_3)","line":23,"loc":{"start":{"line":23,"column":24},"end":{"line":23,"column":36}}},"4":{"name":"(anonymous_4)","line":61,"loc":{"start":{"line":61,"column":5},"end":{"line":61,"column":17}}},"5":{"name":"(anonymous_5)","line":82,"loc":{"start":{"line":82,"column":5},"end":{"line":82,"column":17}}},"6":{"name":"(anonymous_6)","line":91,"loc":{"start":{"line":91,"column":77},"end":{"line":94,"column":10}}},"7":{"name":"(anonymous_7)","line":112,"loc":{"start":{"line":112,"column":83},"end":{"line":115,"column":10}},"skip":true},"8":{"name":"(anonymous_8)","line":123,"loc":{"start":{"line":123,"column":77},"end":{"line":126,"column":10}},"skip":true},"9":{"name":"(anonymous_9)","line":139,"loc":{"start":{"line":139,"column":12},"end":{"line":139,"column":40}},"skip":true},"10":{"name":"(anonymous_10)","line":147,"loc":{"start":{"line":147,"column":77},"end":{"line":150,"column":10}},"skip":true},"11":{"name":"(anonymous_11)","line":158,"loc":{"start":{"line":158,"column":83},"end":{"line":161,"column":10}},"skip":true},"12":{"name":"(anonymous_12)","line":169,"loc":{"start":{"line":169,"column":79},"end":{"line":172,"column":10}},"skip":true},"13":{"name":"(anonymous_13)","line":180,"loc":{"start":{"line":180,"column":75},"end":{"line":183,"column":10}},"skip":true}},"statementMap":{"1":{"start":{"line":12,"column":0},"end":{"line":195,"column":5}},"2":{"start":{"line":14,"column":4},"end":{"line":14,"column":14}},"3":{"start":{"line":19,"column":4},"end":{"line":56,"column":9}},"4":{"start":{"line":21,"column":8},"end":{"line":21,"column":19}},"5":{"start":{"line":23,"column":8},"end":{"line":35,"column":13}},"6":{"start":{"line":24,"column":12},"end":{"line":34,"column":13}},"7":{"start":{"line":25,"column":16},"end":{"line":28,"column":30}},"8":{"start":{"line":30,"column":16},"end":{"line":33,"column":27}},"9":{"start":{"line":37,"column":8},"end":{"line":39,"column":21}},"10":{"start":{"line":40,"column":8},"end":{"line":53,"column":9}},"11":{"start":{"line":43,"column":12},"end":{"line":46,"column":14}},"12":{"start":{"line":47,"column":12},"end":{"line":47,"column":18}},"13":{"start":{"line":50,"column":12},"end":{"line":51,"column":46}},"14":{"start":{"line":52,"column":12},"end":{"line":52,"column":18}},"15":{"start":{"line":55,"column":8},"end":{"line":55,"column":35}},"16":{"start":{"line":61,"column":4},"end":{"line":63,"column":9}},"17":{"start":{"line":62,"column":8},"end":{"line":62,"column":15}},"18":{"start":{"line":64,"column":4},"end":{"line":77,"column":5}},"19":{"start":{"line":70,"column":8},"end":{"line":70,"column":14}},"20":{"start":{"line":76,"column":8},"end":{"line":76,"column":14}},"21":{"start":{"line":82,"column":4},"end":{"line":84,"column":9}},"22":{"start":{"line":83,"column":8},"end":{"line":83,"column":15}},"23":{"start":{"line":85,"column":4},"end":{"line":194,"column":5}},"24":{"start":{"line":91,"column":8},"end":{"line":99,"column":10}},"25":{"start":{"line":98,"column":12},"end":{"line":98,"column":35}},"26":{"start":{"line":102,"column":8},"end":{"line":104,"column":63}},"27":{"start":{"line":105,"column":8},"end":{"line":105,"column":14}},"28":{"start":{"line":112,"column":8},"end":{"line":121,"column":10},"skip":true},"29":{"start":{"line":119,"column":12},"end":{"line":119,"column":55},"skip":true},"30":{"start":{"line":120,"column":12},"end":{"line":120,"column":48},"skip":true},"31":{"start":{"line":123,"column":8},"end":{"line":136,"column":10},"skip":true},"32":{"start":{"line":130,"column":12},"end":{"line":130,"column":76},"skip":true},"33":{"start":{"line":131,"column":12},"end":{"line":131,"column":73},"skip":true},"34":{"start":{"line":132,"column":12},"end":{"line":132,"column":74},"skip":true},"35":{"start":{"line":133,"column":12},"end":{"line":133,"column":79},"skip":true},"36":{"start":{"line":134,"column":12},"end":{"line":134,"column":25},"skip":true},"37":{"start":{"line":135,"column":12},"end":{"line":135,"column":45},"skip":true},"38":{"start":{"line":138,"column":8},"end":{"line":145,"column":14},"skip":true},"39":{"start":{"line":143,"column":16},"end":{"line":143,"column":29},"skip":true},"40":{"start":{"line":144,"column":16},"end":{"line":144,"column":55},"skip":true},"41":{"start":{"line":147,"column":8},"end":{"line":156,"column":10},"skip":true},"42":{"start":{"line":154,"column":12},"end":{"line":154,"column":25},"skip":true},"43":{"start":{"line":155,"column":12},"end":{"line":155,"column":45},"skip":true},"44":{"start":{"line":158,"column":8},"end":{"line":167,"column":10},"skip":true},"45":{"start":{"line":165,"column":12},"end":{"line":165,"column":25},"skip":true},"46":{"start":{"line":166,"column":12},"end":{"line":166,"column":48},"skip":true},"47":{"start":{"line":169,"column":8},"end":{"line":178,"column":10},"skip":true},"48":{"start":{"line":176,"column":12},"end":{"line":176,"column":25},"skip":true},"49":{"start":{"line":177,"column":12},"end":{"line":177,"column":46},"skip":true},"50":{"start":{"line":180,"column":8},"end":{"line":189,"column":10},"skip":true},"51":{"start":{"line":187,"column":12},"end":{"line":187,"column":94},"skip":true},"52":{"start":{"line":188,"column":12},"end":{"line":188,"column":48},"skip":true},"53":{"start":{"line":192,"column":8},"end":{"line":192,"column":35},"skip":true},"54":{"start":{"line":193,"column":8},"end":{"line":193,"column":14},"skip":true}},"branchMap":{"1":{"line":25,"type":"binary-expr","locations":[{"start":{"line":25,"column":23},"end":{"line":25,"column":62}},{"start":{"line":26,"column":20},"end":{"line":26,"column":70}},{"start":{"line":27,"column":20},"end":{"line":27,"column":71}},{"start":{"line":28,"column":20},"end":{"line":28,"column":29}}]},"2":{"line":30,"type":"binary-expr","locations":[{"start":{"line":30,"column":23},"end":{"line":30,"column":37}},{"start":{"line":31,"column":20},"end":{"line":31,"column":61}},{"start":{"line":32,"column":20},"end":{"line":32,"column":70}},{"start":{"line":33,"column":20},"end":{"line":33,"column":26}}]},"3":{"line":37,"type":"cond-expr","locations":[{"start":{"line":38,"column":14},"end":{"line":38,"column":20}},{"start":{"line":39,"column":14},"end":{"line":39,"column":20}}]},"4":{"line":40,"type":"switch","locations":[{"start":{"line":42,"column":8},"end":{"line":47,"column":18}},{"start":{"line":49,"column":8},"end":{"line":52,"column":18}}]},"5":{"line":44,"type":"binary-expr","locations":[{"start":{"line":44,"column":16},"end":{"line":44,"column":44}},{"start":{"line":44,"column":48},"end":{"line":44,"column":66}}]},"6":{"line":50,"type":"binary-expr","locations":[{"start":{"line":50,"column":21},"end":{"line":50,"column":49}},{"start":{"line":50,"column":53},"end":{"line":50,"column":72}}]},"7":{"line":64,"type":"switch","locations":[{"start":{"line":69,"column":4},"end":{"line":70,"column":14}},{"start":{"line":75,"column":4},"end":{"line":76,"column":14}}]},"8":{"line":85,"type":"switch","locations":[{"start":{"line":90,"column":4},"end":{"line":105,"column":14}},{"start":{"line":111,"column":4},"end":{"line":193,"column":14},"skip":true}]},"9":{"line":91,"type":"binary-expr","locations":[{"start":{"line":91,"column":42},"end":{"line":91,"column":73}},{"start":{"line":91,"column":77},"end":{"line":99,"column":9}}]},"10":{"line":102,"type":"binary-expr","locations":[{"start":{"line":102,"column":18},"end":{"line":102,"column":32}},{"start":{"line":103,"column":12},"end":{"line":103,"column":53}},{"start":{"line":104,"column":12},"end":{"line":104,"column":61}}]},"11":{"line":112,"type":"binary-expr","locations":[{"start":{"line":112,"column":45},"end":{"line":112,"column":79},"skip":true},{"start":{"line":112,"column":83},"end":{"line":121,"column":9},"skip":true}]},"12":{"line":123,"type":"binary-expr","locations":[{"start":{"line":123,"column":42},"end":{"line":123,"column":73},"skip":true},{"start":{"line":123,"column":77},"end":{"line":136,"column":9},"skip":true}]},"13":{"line":138,"type":"binary-expr","locations":[{"start":{"line":138,"column":48},"end":{"line":138,"column":85},"skip":true},{"start":{"line":139,"column":12},"end":{"line":145,"column":13},"skip":true}]},"14":{"line":147,"type":"binary-expr","locations":[{"start":{"line":147,"column":42},"end":{"line":147,"column":73},"skip":true},{"start":{"line":147,"column":77},"end":{"line":156,"column":9},"skip":true}]},"15":{"line":158,"type":"binary-expr","locations":[{"start":{"line":158,"column":45},"end":{"line":158,"column":79},"skip":true},{"start":{"line":158,"column":83},"end":{"line":167,"column":9},"skip":true}]},"16":{"line":169,"type":"binary-expr","locations":[{"start":{"line":169,"column":43},"end":{"line":169,"column":75},"skip":true},{"start":{"line":169,"column":79},"end":{"line":178,"column":9},"skip":true}]},"17":{"line":180,"type":"binary-expr","locations":[{"start":{"line":180,"column":41},"end":{"line":180,"column":71},"skip":true},{"start":{"line":180,"column":75},"end":{"line":189,"column":9},"skip":true}]}},"code":["/* istanbul instrument in package npmtest_node_telegram_bot */","/*jslint","    bitwise: true,","    browser: true,","    maxerr: 8,","    maxlen: 96,","    node: true,","    nomen: true,","    regexp: true,","    stupid: true","*/","(function () {","    'use strict';","    var local;","","","","    // run shared js-env code - pre-init","    (function () {","        // init local","        local = {};","        // init modeJs","        local.modeJs = (function () {","            try {","                return typeof navigator.userAgent === 'string' &&","                    typeof document.querySelector('body') === 'object' &&","                    typeof XMLHttpRequest.prototype.open === 'function' &&","                    'browser';","            } catch (errorCaughtBrowser) {","                return module.exports &&","                    typeof process.versions.node === 'string' &&","                    typeof require('http').createServer === 'function' &&","                    'node';","            }","        }());","        // init global","        local.global = local.modeJs === 'browser'","            ? window","            : global;","        switch (local.modeJs) {","        // re-init local from window.local","        case 'browser':","            local = local.global.utility2.objectSetDefault(","                local.global.utility2_rollup || local.global.local,","                local.global.utility2","            );","            break;","        // re-init local from example.js","        case 'node':","            local = (local.global.utility2_rollup || require('utility2'))","                .requireExampleJsFromReadme();","            break;","        }","        // export local","        local.global.local = local;","    }());","","","","    // run shared js-env code - function","    (function () {","        return;","    }());","    switch (local.modeJs) {","","","","    // run browser js-env code - function","    case 'browser':","        break;","","","","    // run node js-env code - function","    case 'node':","        break;","    }","","","","    // run shared js-env code - post-init","    (function () {","        return;","    }());","    switch (local.modeJs) {","","","","    // run browser js-env code - post-init","    case 'browser':","        local.testCase_browser_nullCase = local.testCase_browser_nullCase || function (","            options,","            onError","        ) {","        /*","         * this function will test browsers's null-case handling-behavior-behavior","         */","            onError(null, options);","        };","","        // run tests","        local.nop(local.modeTest &&","            document.querySelector('#testRunButton1') &&","            document.querySelector('#testRunButton1').click());","        break;","","","","    // run node js-env code - post-init","    /* istanbul ignore next */","    case 'node':","        local.testCase_buildApidoc_default = local.testCase_buildApidoc_default || function (","            options,","            onError","        ) {","        /*","         * this function will test buildApidoc's default handling-behavior-behavior","         */","            options = { modulePathList: module.paths };","            local.buildApidoc(options, onError);","        };","","        local.testCase_buildApp_default = local.testCase_buildApp_default || function (","            options,","            onError","        ) {","        /*","         * this function will test buildApp's default handling-behavior-behavior","         */","            local.testCase_buildReadme_default(options, local.onErrorThrow);","            local.testCase_buildLib_default(options, local.onErrorThrow);","            local.testCase_buildTest_default(options, local.onErrorThrow);","            local.testCase_buildCustomOrg_default(options, local.onErrorThrow);","            options = [];","            local.buildApp(options, onError);","        };","","        local.testCase_buildCustomOrg_default = local.testCase_buildCustomOrg_default ||","            function (options, onError) {","            /*","             * this function will test buildCustomOrg's default handling-behavior","             */","                options = {};","                local.buildCustomOrg(options, onError);","            };","","        local.testCase_buildLib_default = local.testCase_buildLib_default || function (","            options,","            onError","        ) {","        /*","         * this function will test buildLib's default handling-behavior","         */","            options = {};","            local.buildLib(options, onError);","        };","","        local.testCase_buildReadme_default = local.testCase_buildReadme_default || function (","            options,","            onError","        ) {","        /*","         * this function will test buildReadme's default handling-behavior-behavior","         */","            options = {};","            local.buildReadme(options, onError);","        };","","        local.testCase_buildTest_default = local.testCase_buildTest_default || function (","            options,","            onError","        ) {","        /*","         * this function will test buildTest's default handling-behavior","         */","            options = {};","            local.buildTest(options, onError);","        };","","        local.testCase_webpage_default = local.testCase_webpage_default || function (","            options,","            onError","        ) {","        /*","         * this function will test webpage's default handling-behavior","         */","            options = { modeCoverageMerge: true, url: local.serverLocalHost + '?modeTest=1' };","            local.browserTest(options, onError);","        };","","        // run test-server","        local.testRunServer(local);","        break;","    }","}());",""],"l":{"12":2,"14":2,"19":2,"21":2,"23":2,"24":2,"25":2,"30":1,"37":2,"40":2,"43":1,"47":1,"50":1,"52":1,"55":2,"61":2,"62":2,"64":2,"70":1,"76":1,"82":2,"83":2,"85":2,"91":1,"98":1,"102":1,"105":1,"112":1,"119":1,"120":1,"123":1,"130":1,"131":1,"132":1,"133":1,"134":1,"135":1,"138":1,"143":2,"144":2,"147":1,"154":2,"155":2,"158":1,"165":2,"166":2,"169":1,"176":2,"177":2,"180":1,"187":1,"188":1,"192":1,"193":1}},"/home/travis/build/npmtest/node-npmtest-node-telegram-bot/lib.npmtest_node_telegram_bot.js":{"path":"/home/travis/build/npmtest/node-npmtest-node-telegram-bot/lib.npmtest_node_telegram_bot.js","s":{"1":2,"2":2,"3":2,"4":2,"5":2,"6":2,"7":2,"8":1,"9":2,"10":2,"11":2,"12":2,"13":1,"14":1,"15":1,"16":1},"b":{"1":[2,1,1,1],"2":[1,1,1,1],"3":[1,1],"4":[2,2],"5":[1,1]},"f":{"1":2,"2":2,"3":2},"fnMap":{"1":{"name":"(anonymous_1)","line":12,"loc":{"start":{"line":12,"column":1},"end":{"line":12,"column":13}}},"2":{"name":"(anonymous_2)","line":19,"loc":{"start":{"line":19,"column":5},"end":{"line":19,"column":17}}},"3":{"name":"(anonymous_3)","line":23,"loc":{"start":{"line":23,"column":24},"end":{"line":23,"column":36}}}},"statementMap":{"1":{"start":{"line":12,"column":0},"end":{"line":53,"column":5}},"2":{"start":{"line":14,"column":4},"end":{"line":14,"column":14}},"3":{"start":{"line":19,"column":4},"end":{"line":52,"column":9}},"4":{"start":{"line":21,"column":8},"end":{"line":21,"column":19}},"5":{"start":{"line":23,"column":8},"end":{"line":35,"column":13}},"6":{"start":{"line":24,"column":12},"end":{"line":34,"column":13}},"7":{"start":{"line":25,"column":16},"end":{"line":28,"column":30}},"8":{"start":{"line":30,"column":16},"end":{"line":33,"column":27}},"9":{"start":{"line":37,"column":8},"end":{"line":39,"column":21}},"10":{"start":{"line":41,"column":8},"end":{"line":41,"column":54}},"11":{"start":{"line":43,"column":8},"end":{"line":43,"column":62}},"12":{"start":{"line":45,"column":8},"end":{"line":51,"column":9}},"13":{"start":{"line":46,"column":12},"end":{"line":46,"column":68}},"14":{"start":{"line":48,"column":12},"end":{"line":48,"column":35}},"15":{"start":{"line":49,"column":12},"end":{"line":49,"column":49}},"16":{"start":{"line":50,"column":12},"end":{"line":50,"column":43}}},"branchMap":{"1":{"line":25,"type":"binary-expr","locations":[{"start":{"line":25,"column":23},"end":{"line":25,"column":62}},{"start":{"line":26,"column":20},"end":{"line":26,"column":70}},{"start":{"line":27,"column":20},"end":{"line":27,"column":71}},{"start":{"line":28,"column":20},"end":{"line":28,"column":29}}]},"2":{"line":30,"type":"binary-expr","locations":[{"start":{"line":30,"column":23},"end":{"line":30,"column":37}},{"start":{"line":31,"column":20},"end":{"line":31,"column":61}},{"start":{"line":32,"column":20},"end":{"line":32,"column":70}},{"start":{"line":33,"column":20},"end":{"line":33,"column":26}}]},"3":{"line":37,"type":"cond-expr","locations":[{"start":{"line":38,"column":14},"end":{"line":38,"column":20}},{"start":{"line":39,"column":14},"end":{"line":39,"column":20}}]},"4":{"line":41,"type":"binary-expr","locations":[{"start":{"line":41,"column":16},"end":{"line":41,"column":44}},{"start":{"line":41,"column":48},"end":{"line":41,"column":53}}]},"5":{"line":45,"type":"if","locations":[{"start":{"line":45,"column":8},"end":{"line":45,"column":8}},{"start":{"line":45,"column":8},"end":{"line":45,"column":8}}]}},"code":["/* istanbul instrument in package npmtest_node_telegram_bot */","/*jslint","    bitwise: true,","    browser: true,","    maxerr: 8,","    maxlen: 96,","    node: true,","    nomen: true,","    regexp: true,","    stupid: true","*/","(function () {","    'use strict';","    var local;","","","","    // run shared js-env code - pre-init","    (function () {","        // init local","        local = {};","        // init modeJs","        local.modeJs = (function () {","            try {","                return typeof navigator.userAgent === 'string' &&","                    typeof document.querySelector('body') === 'object' &&","                    typeof XMLHttpRequest.prototype.open === 'function' &&","                    'browser';","            } catch (errorCaughtBrowser) {","                return module.exports &&","                    typeof process.versions.node === 'string' &&","                    typeof require('http').createServer === 'function' &&","                    'node';","            }","        }());","        // init global","        local.global = local.modeJs === 'browser'","            ? window","            : global;","        // init utility2_rollup","        local = local.global.utility2_rollup || local;","        // init lib","        local.local = local.npmtest_node_telegram_bot = local;","        // init exports","        if (local.modeJs === 'browser') {","            local.global.utility2_npmtest_node_telegram_bot = local;","        } else {","            module.exports = local;","            module.exports.__dirname = __dirname;","            module.exports.module = module;","        }","    }());","}());",""],"l":{"12":2,"14":2,"19":2,"21":2,"23":2,"24":2,"25":2,"30":1,"37":2,"41":2,"43":2,"45":2,"46":1,"48":1,"49":1,"50":1}},"/home/travis/build/npmtest/node-npmtest-node-telegram-bot/example.js":{"path":"/home/travis/build/npmtest/node-npmtest-node-telegram-bot/example.js","s":{"1":2,"2":2,"3":2,"4":2,"5":2,"6":2,"7":2,"8":1,"9":2,"10":2,"11":2,"12":2,"13":1,"14":2,"15":2,"16":2,"17":2,"18":2,"19":0,"20":2,"21":1,"22":1,"23":1,"24":1,"25":1,"26":0,"27":0,"28":1,"29":1,"30":2,"31":0,"32":0,"33":0,"34":1,"35":2,"36":2,"37":3,"38":3,"39":3,"40":3,"41":0,"42":3,"43":3,"44":3,"45":1,"46":3,"47":1,"48":1,"49":1,"50":1,"51":1,"52":1,"53":1,"54":1,"55":1,"56":1,"57":0,"58":1,"59":6,"60":6,"61":1,"62":2,"63":0,"64":2,"65":1,"66":1,"67":0,"68":0,"69":0,"70":0,"71":0,"72":0,"73":0,"74":0,"75":0,"76":0,"77":0,"78":0,"79":0,"80":0,"81":0,"82":0,"83":0},"b":{"1":[2,1,1,1],"2":[1,1,1,1],"3":[1,1],"4":[2,2],"5":[1,1],"6":[1,1],"7":[2,0],"8":[2,1,1,1,1,1],"9":[0,2,0],"10":[1,1],"11":[2,1,1],"12":[1,0],"13":[0,2],"14":[2,0,0,0,0,0,0],"15":[0,3],"16":[3,0],"17":[1,1],"18":[0,1],"19":[1,2,0,2],"20":[1,0],"21":[1,1],"22":[0,0],"23":[0,0],"24":[0,0],"25":[0,0],"26":[0,0],"27":[0,0],"28":[0,0]},"f":{"1":2,"2":2,"3":2,"4":2,"5":2,"6":2,"7":3,"8":3,"9":3,"10":1,"11":6,"12":0},"fnMap":{"1":{"name":"(anonymous_1)","line":26,"loc":{"start":{"line":26,"column":1},"end":{"line":26,"column":13}}},"2":{"name":"(anonymous_2)","line":33,"loc":{"start":{"line":33,"column":5},"end":{"line":33,"column":17}}},"3":{"name":"(anonymous_3)","line":37,"loc":{"start":{"line":37,"column":24},"end":{"line":37,"column":36}}},"4":{"name":"(anonymous_4)","line":69,"loc":{"start":{"line":69,"column":31},"end":{"line":69,"column":48}},"skip":true},"5":{"name":"(anonymous_5)","line":78,"loc":{"start":{"line":78,"column":26},"end":{"line":78,"column":45}},"skip":true},"6":{"name":"(anonymous_6)","line":123,"loc":{"start":{"line":123,"column":33},"end":{"line":123,"column":48}},"skip":true},"7":{"name":"(anonymous_7)","line":125,"loc":{"start":{"line":125,"column":27},"end":{"line":125,"column":39}},"skip":true},"8":{"name":"(anonymous_8)","line":133,"loc":{"start":{"line":133,"column":59},"end":{"line":133,"column":74}},"skip":true},"9":{"name":"(anonymous_9)","line":143,"loc":{"start":{"line":143,"column":45},"end":{"line":143,"column":62}},"skip":true},"10":{"name":"(anonymous_10)","line":144,"loc":{"start":{"line":144,"column":73},"end":{"line":144,"column":92}},"skip":true},"11":{"name":"(anonymous_11)","line":272,"loc":{"start":{"line":272,"column":51},"end":{"line":272,"column":77}},"skip":true},"12":{"name":"(anonymous_12)","line":315,"loc":{"start":{"line":315,"column":32},"end":{"line":315,"column":61}},"skip":true}},"statementMap":{"1":{"start":{"line":26,"column":0},"end":{"line":326,"column":5}},"2":{"start":{"line":28,"column":4},"end":{"line":28,"column":14}},"3":{"start":{"line":33,"column":4},"end":{"line":60,"column":9}},"4":{"start":{"line":35,"column":8},"end":{"line":35,"column":19}},"5":{"start":{"line":37,"column":8},"end":{"line":49,"column":13}},"6":{"start":{"line":38,"column":12},"end":{"line":48,"column":13}},"7":{"start":{"line":39,"column":16},"end":{"line":42,"column":30}},"8":{"start":{"line":44,"column":16},"end":{"line":47,"column":27}},"9":{"start":{"line":51,"column":8},"end":{"line":53,"column":21}},"10":{"start":{"line":55,"column":8},"end":{"line":57,"column":45}},"11":{"start":{"line":59,"column":8},"end":{"line":59,"column":35}},"12":{"start":{"line":61,"column":4},"end":{"line":325,"column":5}},"13":{"start":{"line":69,"column":8},"end":{"line":121,"column":10},"skip":true},"14":{"start":{"line":70,"column":12},"end":{"line":88,"column":13},"skip":true},"15":{"start":{"line":76,"column":16},"end":{"line":87,"column":19},"skip":true},"16":{"start":{"line":79,"column":20},"end":{"line":86,"column":21},"skip":true},"17":{"start":{"line":82,"column":24},"end":{"line":82,"column":43},"skip":true},"18":{"start":{"line":83,"column":24},"end":{"line":83,"column":30},"skip":true},"19":{"start":{"line":85,"column":24},"end":{"line":85,"column":49},"skip":true},"20":{"start":{"line":89,"column":12},"end":{"line":107,"column":13},"skip":true},"21":{"start":{"line":92,"column":16},"end":{"line":102,"column":17},"skip":true},"22":{"start":{"line":93,"column":20},"end":{"line":93,"column":86},"skip":true},"23":{"start":{"line":94,"column":20},"end":{"line":95,"column":45},"skip":true},"24":{"start":{"line":96,"column":20},"end":{"line":96,"column":42},"skip":true},"25":{"start":{"line":97,"column":20},"end":{"line":97,"column":48},"skip":true},"26":{"start":{"line":100,"column":20},"end":{"line":100,"column":85},"skip":true},"27":{"start":{"line":101,"column":20},"end":{"line":101,"column":96},"skip":true},"28":{"start":{"line":103,"column":16},"end":{"line":103,"column":22},"skip":true},"29":{"start":{"line":106,"column":16},"end":{"line":106,"column":22},"skip":true},"30":{"start":{"line":108,"column":12},"end":{"line":120,"column":13},"skip":true},"31":{"start":{"line":114,"column":16},"end":{"line":119,"column":17},"skip":true},"32":{"start":{"line":116,"column":20},"end":{"line":116,"column":78},"skip":true},"33":{"start":{"line":118,"column":20},"end":{"line":118,"column":47},"skip":true},"34":{"start":{"line":123,"column":8},"end":{"line":141,"column":11},"skip":true},"35":{"start":{"line":124,"column":12},"end":{"line":124,"column":54},"skip":true},"36":{"start":{"line":125,"column":12},"end":{"line":140,"column":14},"skip":true},"37":{"start":{"line":126,"column":16},"end":{"line":126,"column":28},"skip":true},"38":{"start":{"line":127,"column":16},"end":{"line":127,"column":69},"skip":true},"39":{"start":{"line":128,"column":16},"end":{"line":128,"column":75},"skip":true},"40":{"start":{"line":129,"column":16},"end":{"line":131,"column":17},"skip":true},"41":{"start":{"line":130,"column":20},"end":{"line":130,"column":27},"skip":true},"42":{"start":{"line":133,"column":16},"end":{"line":137,"column":36},"skip":true},"43":{"start":{"line":134,"column":20},"end":{"line":136,"column":55},"skip":true},"44":{"start":{"line":139,"column":16},"end":{"line":139,"column":57},"skip":true},"45":{"start":{"line":143,"column":8},"end":{"line":147,"column":11},"skip":true},"46":{"start":{"line":144,"column":12},"end":{"line":146,"column":15},"skip":true},"47":{"start":{"line":145,"column":16},"end":{"line":145,"column":70},"skip":true},"48":{"start":{"line":149,"column":8},"end":{"line":149,"column":31},"skip":true},"49":{"start":{"line":150,"column":8},"end":{"line":150,"column":14},"skip":true},"50":{"start":{"line":158,"column":8},"end":{"line":158,"column":31},"skip":true},"51":{"start":{"line":160,"column":8},"end":{"line":160,"column":33},"skip":true},"52":{"start":{"line":161,"column":8},"end":{"line":161,"column":37},"skip":true},"53":{"start":{"line":162,"column":8},"end":{"line":162,"column":35},"skip":true},"54":{"start":{"line":164,"column":8},"end":{"line":164,"column":50},"skip":true},"55":{"start":{"line":166,"column":8},"end":{"line":256,"column":2},"skip":true},"56":{"start":{"line":258,"column":8},"end":{"line":286,"column":9},"skip":true},"57":{"start":{"line":259,"column":12},"end":{"line":269,"column":14},"skip":true},"58":{"start":{"line":271,"column":12},"end":{"line":285,"column":19},"skip":true},"59":{"start":{"line":274,"column":20},"end":{"line":274,"column":35},"skip":true},"60":{"start":{"line":275,"column":20},"end":{"line":284,"column":21},"skip":true},"61":{"start":{"line":277,"column":24},"end":{"line":277,"column":64},"skip":true},"62":{"start":{"line":279,"column":24},"end":{"line":279,"column":40},"skip":true},"63":{"start":{"line":281,"column":24},"end":{"line":281,"column":40},"skip":true},"64":{"start":{"line":283,"column":24},"end":{"line":283,"column":39},"skip":true},"65":{"start":{"line":288,"column":8},"end":{"line":290,"column":9},"skip":true},"66":{"start":{"line":289,"column":12},"end":{"line":289,"column":18},"skip":true},"67":{"start":{"line":291,"column":8},"end":{"line":293,"column":54},"skip":true},"68":{"start":{"line":296,"column":8},"end":{"line":301,"column":37},"skip":true},"69":{"start":{"line":303,"column":8},"end":{"line":303,"column":82},"skip":true},"70":{"start":{"line":306,"column":8},"end":{"line":308,"column":9},"skip":true},"71":{"start":{"line":307,"column":12},"end":{"line":307,"column":82},"skip":true},"72":{"start":{"line":310,"column":8},"end":{"line":312,"column":9},"skip":true},"73":{"start":{"line":311,"column":12},"end":{"line":311,"column":18},"skip":true},"74":{"start":{"line":313,"column":8},"end":{"line":313,"column":54},"skip":true},"75":{"start":{"line":314,"column":8},"end":{"line":314,"column":69},"skip":true},"76":{"start":{"line":315,"column":8},"end":{"line":323,"column":36},"skip":true},"77":{"start":{"line":316,"column":12},"end":{"line":316,"column":61},"skip":true},"78":{"start":{"line":317,"column":12},"end":{"line":320,"column":13},"skip":true},"79":{"start":{"line":318,"column":16},"end":{"line":318,"column":75},"skip":true},"80":{"start":{"line":319,"column":16},"end":{"line":319,"column":23},"skip":true},"81":{"start":{"line":321,"column":12},"end":{"line":321,"column":38},"skip":true},"82":{"start":{"line":322,"column":12},"end":{"line":322,"column":27},"skip":true},"83":{"start":{"line":324,"column":8},"end":{"line":324,"column":14},"skip":true}},"branchMap":{"1":{"line":39,"type":"binary-expr","locations":[{"start":{"line":39,"column":23},"end":{"line":39,"column":62}},{"start":{"line":40,"column":20},"end":{"line":40,"column":70}},{"start":{"line":41,"column":20},"end":{"line":41,"column":71}},{"start":{"line":42,"column":20},"end":{"line":42,"column":29}}]},"2":{"line":44,"type":"binary-expr","locations":[{"start":{"line":44,"column":23},"end":{"line":44,"column":37}},{"start":{"line":45,"column":20},"end":{"line":45,"column":61}},{"start":{"line":46,"column":20},"end":{"line":46,"column":70}},{"start":{"line":47,"column":20},"end":{"line":47,"column":26}}]},"3":{"line":51,"type":"cond-expr","locations":[{"start":{"line":52,"column":14},"end":{"line":52,"column":20}},{"start":{"line":53,"column":14},"end":{"line":53,"column":20}}]},"4":{"line":55,"type":"binary-expr","locations":[{"start":{"line":55,"column":16},"end":{"line":55,"column":44}},{"start":{"line":55,"column":49},"end":{"line":57,"column":43}}]},"5":{"line":55,"type":"cond-expr","locations":[{"start":{"line":56,"column":14},"end":{"line":56,"column":61}},{"start":{"line":57,"column":14},"end":{"line":57,"column":43}}]},"6":{"line":61,"type":"switch","locations":[{"start":{"line":68,"column":4},"end":{"line":150,"column":14},"skip":true},{"start":{"line":156,"column":4},"end":{"line":324,"column":14},"skip":true}]},"7":{"line":70,"type":"if","locations":[{"start":{"line":70,"column":12},"end":{"line":70,"column":12},"skip":true},{"start":{"line":70,"column":12},"end":{"line":70,"column":12},"skip":true}]},"8":{"line":70,"type":"binary-expr","locations":[{"start":{"line":70,"column":16},"end":{"line":70,"column":22},"skip":true},{"start":{"line":70,"column":27},"end":{"line":70,"column":32},"skip":true},{"start":{"line":71,"column":20},"end":{"line":71,"column":39},"skip":true},{"start":{"line":72,"column":20},"end":{"line":72,"column":49},"skip":true},{"start":{"line":73,"column":20},"end":{"line":73,"column":58},"skip":true},{"start":{"line":74,"column":20},"end":{"line":74,"column":69},"skip":true}]},"9":{"line":79,"type":"switch","locations":[{"start":{"line":80,"column":20},"end":{"line":80,"column":33},"skip":true},{"start":{"line":81,"column":20},"end":{"line":83,"column":30},"skip":true},{"start":{"line":84,"column":20},"end":{"line":85,"column":49},"skip":true}]},"10":{"line":89,"type":"switch","locations":[{"start":{"line":90,"column":12},"end":{"line":103,"column":22},"skip":true},{"start":{"line":105,"column":12},"end":{"line":106,"column":22},"skip":true}]},"11":{"line":89,"type":"binary-expr","locations":[{"start":{"line":89,"column":20},"end":{"line":89,"column":25},"skip":true},{"start":{"line":89,"column":29},"end":{"line":89,"column":48},"skip":true},{"start":{"line":89,"column":52},"end":{"line":89,"column":74},"skip":true}]},"12":{"line":92,"type":"if","locations":[{"start":{"line":92,"column":16},"end":{"line":92,"column":16},"skip":true},{"start":{"line":92,"column":16},"end":{"line":92,"column":16},"skip":true}]},"13":{"line":108,"type":"if","locations":[{"start":{"line":108,"column":12},"end":{"line":108,"column":12},"skip":true},{"start":{"line":108,"column":12},"end":{"line":108,"column":12},"skip":true}]},"14":{"line":108,"type":"binary-expr","locations":[{"start":{"line":108,"column":16},"end":{"line":108,"column":61},"skip":true},{"start":{"line":108,"column":66},"end":{"line":108,"column":72},"skip":true},{"start":{"line":108,"column":77},"end":{"line":108,"column":82},"skip":true},{"start":{"line":109,"column":20},"end":{"line":109,"column":39},"skip":true},{"start":{"line":110,"column":20},"end":{"line":110,"column":49},"skip":true},{"start":{"line":111,"column":20},"end":{"line":111,"column":58},"skip":true},{"start":{"line":112,"column":20},"end":{"line":112,"column":68},"skip":true}]},"15":{"line":129,"type":"if","locations":[{"start":{"line":129,"column":16},"end":{"line":129,"column":16},"skip":true},{"start":{"line":129,"column":16},"end":{"line":129,"column":16},"skip":true}]},"16":{"line":134,"type":"cond-expr","locations":[{"start":{"line":135,"column":26},"end":{"line":135,"column":29},"skip":true},{"start":{"line":136,"column":26},"end":{"line":136,"column":54},"skip":true}]},"17":{"line":164,"type":"binary-expr","locations":[{"start":{"line":164,"column":27},"end":{"line":164,"column":43},"skip":true},{"start":{"line":164,"column":47},"end":{"line":164,"column":49},"skip":true}]},"18":{"line":258,"type":"if","locations":[{"start":{"line":258,"column":8},"end":{"line":258,"column":8},"skip":true},{"start":{"line":258,"column":8},"end":{"line":258,"column":8},"skip":true}]},"19":{"line":275,"type":"switch","locations":[{"start":{"line":276,"column":20},"end":{"line":277,"column":64},"skip":true},{"start":{"line":278,"column":20},"end":{"line":279,"column":40},"skip":true},{"start":{"line":280,"column":20},"end":{"line":281,"column":40},"skip":true},{"start":{"line":282,"column":20},"end":{"line":283,"column":39},"skip":true}]},"20":{"line":288,"type":"if","locations":[{"start":{"line":288,"column":8},"end":{"line":288,"column":8},"skip":true},{"start":{"line":288,"column":8},"end":{"line":288,"column":8},"skip":true}]},"21":{"line":288,"type":"binary-expr","locations":[{"start":{"line":288,"column":12},"end":{"line":288,"column":40},"skip":true},{"start":{"line":288,"column":44},"end":{"line":288,"column":67},"skip":true}]},"22":{"line":292,"type":"binary-expr","locations":[{"start":{"line":292,"column":12},"end":{"line":292,"column":50},"skip":true},{"start":{"line":293,"column":12},"end":{"line":293,"column":53},"skip":true}]},"23":{"line":297,"type":"binary-expr","locations":[{"start":{"line":297,"column":12},"end":{"line":297,"column":75},"skip":true},{"start":{"line":298,"column":12},"end":{"line":301,"column":36},"skip":true}]},"24":{"line":303,"type":"binary-expr","locations":[{"start":{"line":303,"column":43},"end":{"line":303,"column":75},"skip":true},{"start":{"line":303,"column":79},"end":{"line":303,"column":81},"skip":true}]},"25":{"line":306,"type":"if","locations":[{"start":{"line":306,"column":8},"end":{"line":306,"column":8},"skip":true},{"start":{"line":306,"column":8},"end":{"line":306,"column":8},"skip":true}]},"26":{"line":310,"type":"if","locations":[{"start":{"line":310,"column":8},"end":{"line":310,"column":8},"skip":true},{"start":{"line":310,"column":8},"end":{"line":310,"column":8},"skip":true}]},"27":{"line":313,"type":"binary-expr","locations":[{"start":{"line":313,"column":27},"end":{"line":313,"column":43},"skip":true},{"start":{"line":313,"column":47},"end":{"line":313,"column":53},"skip":true}]},"28":{"line":317,"type":"if","locations":[{"start":{"line":317,"column":12},"end":{"line":317,"column":12},"skip":true},{"start":{"line":317,"column":12},"end":{"line":317,"column":12},"skip":true}]}},"code":["/*","example.js","","quickstart example","","instruction","    1. save this script as example.js","    2. run the shell command:","        $ npm install npmtest-node-telegram-bot && PORT=8081 node example.js","    3. play with the browser-demo on http://127.0.0.1:8081","*/","","","","/* istanbul instrument in package npmtest_node_telegram_bot */","/*jslint","    bitwise: true,","    browser: true,","    maxerr: 8,","    maxlen: 96,","    node: true,","    nomen: true,","    regexp: true,","    stupid: true","*/","(function () {","    'use strict';","    var local;","","","","    // run shared js-env code - pre-init","    (function () {","        // init local","        local = {};","        // init modeJs","        local.modeJs = (function () {","            try {","                return typeof navigator.userAgent === 'string' &&","                    typeof document.querySelector('body') === 'object' &&","                    typeof XMLHttpRequest.prototype.open === 'function' &&","                    'browser';","            } catch (errorCaughtBrowser) {","                return module.exports &&","                    typeof process.versions.node === 'string' &&","                    typeof require('http').createServer === 'function' &&","                    'node';","            }","        }());","        // init global","        local.global = local.modeJs === 'browser'","            ? window","            : global;","        // init utility2_rollup","        local = local.global.utility2_rollup || (local.modeJs === 'browser'","            ? local.global.utility2_npmtest_node_telegram_bot","            : global.utility2_moduleExports);","        // export local","        local.global.local = local;","    }());","    switch (local.modeJs) {","","","","    // post-init","    // run browser js-env code - post-init","    /* istanbul ignore next */","    case 'browser':","        local.testRunBrowser = function (event) {","            if (!event || (event &&","                    event.currentTarget &&","                    event.currentTarget.className &&","                    event.currentTarget.className.includes &&","                    event.currentTarget.className.includes('onreset'))) {","                // reset output","                Array.from(","                    document.querySelectorAll('body > .resettable')","                ).forEach(function (element) {","                    switch (element.tagName) {","                    case 'INPUT':","                    case 'TEXTAREA':","                        element.value = '';","                        break;","                    default:","                        element.textContent = '';","                    }","                });","            }","            switch (event && event.currentTarget && event.currentTarget.id) {","            case 'testRunButton1':","                // show tests","                if (document.querySelector('#testReportDiv1').style.display === 'none') {","                    document.querySelector('#testReportDiv1').style.display = 'block';","                    document.querySelector('#testRunButton1').textContent =","                        'hide internal test';","                    local.modeTest = true;","                    local.testRunDefault(local);","                // hide tests","                } else {","                    document.querySelector('#testReportDiv1').style.display = 'none';","                    document.querySelector('#testRunButton1').textContent = 'run internal test';","                }","                break;","            // custom-case","            default:","                break;","            }","            if (document.querySelector('#inputTextareaEval1') && (!event || (event &&","                    event.currentTarget &&","                    event.currentTarget.className &&","                    event.currentTarget.className.includes &&","                    event.currentTarget.className.includes('oneval')))) {","                // try to eval input-code","                try {","                    /*jslint evil: true*/","                    eval(document.querySelector('#inputTextareaEval1').value);","                } catch (errorCaught) {","                    console.error(errorCaught);","                }","            }","        };","        // log stderr and stdout to #outputTextareaStdout1","        ['error', 'log'].forEach(function (key) {","            console[key + '_original'] = console[key];","            console[key] = function () {","                var element;","                console[key + '_original'].apply(console, arguments);","                element = document.querySelector('#outputTextareaStdout1');","                if (!element) {","                    return;","                }","                // append text to #outputTextareaStdout1","                element.value += Array.from(arguments).map(function (arg) {","                    return typeof arg === 'string'","                        ? arg","                        : JSON.stringify(arg, null, 4);","                }).join(' ') + '\\n';","                // scroll textarea to bottom","                element.scrollTop = element.scrollHeight;","            };","        });","        // init event-handling","        ['change', 'click', 'keyup'].forEach(function (event) {","            Array.from(document.querySelectorAll('.on' + event)).forEach(function (element) {","                element.addEventListener(event, local.testRunBrowser);","            });","        });","        // run tests","        local.testRunBrowser();","        break;","","","","    // run node js-env code - post-init","    /* istanbul ignore next */","    case 'node':","        // export local","        module.exports = local;","        // require modules","        local.fs = require('fs');","        local.http = require('http');","        local.url = require('url');","        // init assets","        local.assetsDict = local.assetsDict || {};","        /* jslint-ignore-begin */","        local.assetsDict['/assets.index.template.html'] = '\\","<!doctype html>\\n\\","<html lang=\"en\">\\n\\","<head>\\n\\","<meta charset=\"UTF-8\">\\n\\","<meta name=\"viewport\" content=\"width=device-width, initial-scale=1\">\\n\\","<title>{{env.npm_package_name}} (v{{env.npm_package_version}})</title>\\n\\","<style>\\n\\","/*csslint\\n\\","    box-sizing: false,\\n\\","    universal-selector: false\\n\\","*/\\n\\","* {\\n\\","    box-sizing: border-box;\\n\\","}\\n\\","body {\\n\\","    background: #dde;\\n\\","    font-family: Arial, Helvetica, sans-serif;\\n\\","    margin: 2rem;\\n\\","}\\n\\","body > * {\\n\\","    margin-bottom: 1rem;\\n\\","}\\n\\",".utility2FooterDiv {\\n\\","    margin-top: 20px;\\n\\","    text-align: center;\\n\\","}\\n\\","</style>\\n\\","<style>\\n\\","/*csslint\\n\\","*/\\n\\","textarea {\\n\\","    font-family: monospace;\\n\\","    height: 10rem;\\n\\","    width: 100%;\\n\\","}\\n\\","textarea[readonly] {\\n\\","    background: #ddd;\\n\\","}\\n\\","</style>\\n\\","</head>\\n\\","<body>\\n\\","<!-- utility2-comment\\n\\","<div id=\"ajaxProgressDiv1\" style=\"background: #d00; height: 2px; left: 0; margin: 0; padding: 0; position: fixed; top: 0; transition: background 0.5s, width 1.5s; width: 25%;\"></div>\\n\\","utility2-comment -->\\n\\","<h1>\\n\\","<!-- utility2-comment\\n\\","    <a\\n\\","        {{#if env.npm_package_homepage}}\\n\\","        href=\"{{env.npm_package_homepage}}\"\\n\\","        {{/if env.npm_package_homepage}}\\n\\","        target=\"_blank\"\\n\\","    >\\n\\","utility2-comment -->\\n\\","        {{env.npm_package_name}} (v{{env.npm_package_version}})\\n\\","<!-- utility2-comment\\n\\","    </a>\\n\\","utility2-comment -->\\n\\","</h1>\\n\\","<h3>{{env.npm_package_description}}</h3>\\n\\","<!-- utility2-comment\\n\\","<h4><a download href=\"assets.app.js\">download standalone app</a></h4>\\n\\","<button class=\"onclick onreset\" id=\"testRunButton1\">run internal test</button><br>\\n\\","<div id=\"testReportDiv1\" style=\"display: none;\"></div>\\n\\","utility2-comment -->\\n\\","\\n\\","\\n\\","\\n\\","<label>stderr and stdout</label>\\n\\","<textarea class=\"resettable\" id=\"outputTextareaStdout1\" readonly></textarea>\\n\\","<!-- utility2-comment\\n\\","{{#if isRollup}}\\n\\","<script src=\"assets.app.js\"></script>\\n\\","{{#unless isRollup}}\\n\\","utility2-comment -->\\n\\","<script src=\"assets.utility2.rollup.js\"></script>\\n\\","<script src=\"jsonp.utility2._stateInit?callback=window.utility2._stateInit\"></script>\\n\\","<script src=\"assets.npmtest_node_telegram_bot.rollup.js\"></script>\\n\\","<script src=\"assets.example.js\"></script>\\n\\","<script src=\"assets.test.js\"></script>\\n\\","<!-- utility2-comment\\n\\","{{/if isRollup}}\\n\\","utility2-comment -->\\n\\","<div class=\"utility2FooterDiv\">\\n\\","    [ this app was created with\\n\\","    <a href=\"https://github.com/kaizhu256/node-utility2\" target=\"_blank\">utility2</a>\\n\\","    ]\\n\\","</div>\\n\\","</body>\\n\\","</html>\\n\\","';","        /* jslint-ignore-end */","        if (local.templateRender) {","            local.assetsDict['/'] = local.templateRender(","                local.assetsDict['/assets.index.template.html'],","                {","                    env: local.objectSetDefault(local.env, {","                        npm_package_description: 'the greatest app in the world!',","                        npm_package_name: 'my-app',","                        npm_package_nameAlias: 'my_app',","                        npm_package_version: '0.0.1'","                    })","                }","            );","        } else {","            local.assetsDict['/'] = local.assetsDict['/assets.index.template.html']","                .replace((/\\{\\{env\\.(\\w+?)\\}\\}/g), function (match0, match1) {","                    // jslint-hack","                    String(match0);","                    switch (match1) {","                    case 'npm_package_description':","                        return 'the greatest app in the world!';","                    case 'npm_package_name':","                        return 'my-app';","                    case 'npm_package_nameAlias':","                        return 'my_app';","                    case 'npm_package_version':","                        return '0.0.1';","                    }","                });","        }","        // run the cli","        if (local.global.utility2_rollup || module !== require.main) {","            break;","        }","        local.assetsDict['/assets.example.js'] =","            local.assetsDict['/assets.example.js'] ||","            local.fs.readFileSync(__filename, 'utf8');","        // bug-workaround - long $npm_package_buildCustomOrg","        /* jslint-ignore-begin */","        local.assetsDict['/assets.npmtest_node_telegram_bot.rollup.js'] =","            local.assetsDict['/assets.npmtest_node_telegram_bot.rollup.js'] ||","            local.fs.readFileSync(","                local.npmtest_node_telegram_bot.__dirname + '/lib.npmtest_node_telegram_bot.js',","                'utf8'","            ).replace((/^#!/), '//');","        /* jslint-ignore-end */","        local.assetsDict['/favicon.ico'] = local.assetsDict['/favicon.ico'] || '';","        // if $npm_config_timeout_exit exists,","        // then exit this process after $npm_config_timeout_exit ms","        if (Number(process.env.npm_config_timeout_exit)) {","            setTimeout(process.exit, Number(process.env.npm_config_timeout_exit));","        }","        // start server","        if (local.global.utility2_serverHttp1) {","            break;","        }","        process.env.PORT = process.env.PORT || '8081';","        console.error('server starting on port ' + process.env.PORT);","        local.http.createServer(function (request, response) {","            request.urlParsed = local.url.parse(request.url);","            if (local.assetsDict[request.urlParsed.pathname] !== undefined) {","                response.end(local.assetsDict[request.urlParsed.pathname]);","                return;","            }","            response.statusCode = 404;","            response.end();","        }).listen(process.env.PORT);","        break;","    }","}());",""],"l":{"26":2,"28":2,"33":2,"35":2,"37":2,"38":2,"39":2,"44":1,"51":2,"55":2,"59":2,"61":2,"69":1,"70":2,"76":2,"79":2,"82":2,"83":2,"85":1,"89":2,"92":1,"93":1,"94":1,"96":1,"97":1,"100":1,"101":1,"103":1,"106":1,"108":2,"114":1,"116":1,"118":1,"123":1,"124":2,"125":2,"126":3,"127":3,"128":3,"129":3,"130":1,"133":3,"134":3,"139":3,"143":1,"144":3,"145":1,"149":1,"150":1,"158":1,"160":1,"161":1,"162":1,"164":1,"166":1,"258":1,"259":1,"271":1,"274":6,"275":6,"277":1,"279":2,"281":1,"283":2,"288":1,"289":1,"291":1,"296":1,"303":1,"306":1,"307":1,"310":1,"311":1,"313":1,"314":1,"315":1,"316":1,"317":1,"318":1,"319":1,"321":1,"322":1,"324":1}},"/home/travis/build/npmtest/node-npmtest-node-telegram-bot/node_modules/node-telegram-bot/index.js":{"path":"/home/travis/build/npmtest/node-npmtest-node-telegram-bot/node_modules/node-telegram-bot/index.js","s":{"1":1},"b":{},"f":{},"fnMap":{},"statementMap":{"1":{"start":{"line":1,"column":0},"end":{"line":1,"column":38}}},"branchMap":{},"code":["module.exports = require('./lib/Bot');"],"l":{"1":1}},"/home/travis/build/npmtest/node-npmtest-node-telegram-bot/node_modules/node-telegram-bot/lib/Bot.js":{"path":"/home/travis/build/npmtest/node-npmtest-node-telegram-bot/node_modules/node-telegram-bot/lib/Bot.js","s":{"1":1,"2":1,"3":0,"4":0,"5":0,"6":0,"7":0,"8":0,"9":0,"10":0,"11":0,"12":0,"13":0,"14":0,"15":0,"16":0,"17":1,"18":1,"19":0,"20":0,"21":0,"22":0,"23":0,"24":1,"25":0,"26":0,"27":0,"28":0,"29":0,"30":0,"31":0,"32":0,"33":0,"34":0,"35":1,"36":0,"37":0,"38":0,"39":1,"40":0,"41":0,"42":0,"43":0,"44":0,"45":0,"46":0,"47":0,"48":0,"49":0,"50":0,"51":0,"52":0,"53":0,"54":0,"55":0,"56":0,"57":0,"58":0,"59":0,"60":0,"61":0,"62":0,"63":0,"64":0,"65":0,"66":0,"67":0,"68":0,"69":0,"70":0,"71":0,"72":1,"73":0,"74":0,"75":0,"76":0,"77":0,"78":0,"79":0,"80":0,"81":0,"82":0,"83":0,"84":0,"85":0,"86":1,"87":0,"88":0,"89":0,"90":0,"91":0,"92":0,"93":0,"94":0,"95":0,"96":0,"97":0,"98":0,"99":0,"100":0,"101":0,"102":0,"103":0,"104":0,"105":0,"106":0,"107":0,"108":0,"109":0,"110":0,"111":0,"112":0,"113":0,"114":0,"115":0,"116":0,"117":0,"118":0,"119":0,"120":0,"121":1,"122":0,"123":0,"124":0,"125":0,"126":0,"127":0,"128":0,"129":1,"130":0,"131":0,"132":0,"133":0,"134":0,"135":1,"136":0,"137":0,"138":0,"139":0,"140":0,"141":0,"142":0,"143":0,"144":0,"145":0,"146":0,"147":1,"148":0,"149":0,"150":0,"151":0,"152":0,"153":0,"154":0,"155":0,"156":1,"157":0,"158":0,"159":0,"160":0,"161":0,"162":0,"163":0,"164":0,"165":0,"166":0,"167":0,"168":0,"169":0,"170":0,"171":0,"172":0,"173":1,"174":0,"175":0,"176":0,"177":0,"178":0,"179":0,"180":0,"181":0,"182":1,"183":0,"184":0,"185":0,"186":0,"187":0,"188":0,"189":0,"190":0,"191":1,"192":0,"193":0,"194":0,"195":0,"196":0,"197":0,"198":0,"199":0,"200":0,"201":0,"202":0,"203":0,"204":0,"205":0,"206":0,"207":0,"208":0,"209":0,"210":0,"211":1,"212":0,"213":0,"214":0,"215":0,"216":0,"217":0,"218":0,"219":0,"220":0,"221":0,"222":0,"223":0,"224":0,"225":0,"226":0,"227":0,"228":0,"229":0,"230":0,"231":0,"232":0,"233":1,"234":0,"235":0,"236":0,"237":0,"238":0,"239":0,"240":0,"241":0,"242":0,"243":0,"244":0,"245":0,"246":0,"247":0,"248":0,"249":0,"250":0,"251":0,"252":0,"253":1,"254":0,"255":0,"256":0,"257":0,"258":0,"259":0,"260":0,"261":0,"262":0,"263":0,"264":0,"265":0,"266":0,"267":0,"268":0,"269":0,"270":0,"271":1,"272":0,"273":0,"274":0,"275":0,"276":0,"277":0,"278":0,"279":0,"280":0,"281":0,"282":0,"283":0,"284":0,"285":0,"286":0,"287":0,"288":0,"289":0,"290":0,"291":0,"292":0,"293":1,"294":0,"295":0,"296":0,"297":0,"298":0,"299":0,"300":0,"301":0,"302":1,"303":0,"304":0,"305":0,"306":0,"307":0,"308":0,"309":0,"310":0,"311":1,"312":0,"313":0,"314":1},"b":{"1":[0,0],"2":[0,0],"3":[0,0],"4":[0,0],"5":[0,0],"6":[0,0],"7":[0,0],"8":[0,0],"9":[0,0],"10":[0,0],"11":[0,0],"12":[0,0],"13":[0,0],"14":[0,0],"15":[0,0],"16":[0,0],"17":[0,0],"18":[0,0,0],"19":[0,0],"20":[0,0],"21":[0,0,0],"22":[0,0],"23":[0,0],"24":[0,0],"25":[0,0],"26":[0,0],"27":[0,0],"28":[0,0],"29":[0,0],"30":[0,0],"31":[0,0],"32":[0,0],"33":[0,0],"34":[0,0],"35":[0,0],"36":[0,0],"37":[0,0,0],"38":[0,0],"39":[0,0,0],"40":[0,0],"41":[0,0,0],"42":[0,0],"43":[0,0],"44":[0,0],"45":[0,0],"46":[0,0],"47":[0,0],"48":[0,0],"49":[0,0],"50":[0,0],"51":[0,0],"52":[0,0],"53":[0,0],"54":[0,0],"55":[0,0],"56":[0,0],"57":[0,0],"58":[0,0],"59":[0,0],"60":[0,0],"61":[0,0],"62":[0,0],"63":[0,0],"64":[0,0],"65":[0,0],"66":[0,0],"67":[0,0],"68":[0,0],"69":[0,0],"70":[0,0],"71":[0,0],"72":[0,0],"73":[0,0],"74":[0,0],"75":[0,0],"76":[0,0],"77":[0,0],"78":[0,0],"79":[0,0],"80":[0,0],"81":[0,0],"82":[0,0],"83":[0,0],"84":[0,0],"85":[0,0],"86":[0,0],"87":[0,0],"88":[0,0],"89":[0,0],"90":[0,0],"91":[0,0],"92":[0,0],"93":[0,0]},"f":{"1":0,"2":0,"3":0,"4":0,"5":0,"6":0,"7":0,"8":0,"9":0,"10":0,"11":0,"12":0,"13":0,"14":0,"15":0,"16":0,"17":0,"18":0,"19":0,"20":0,"21":0,"22":0,"23":0,"24":0,"25":0,"26":0,"27":0,"28":0,"29":0,"30":0,"31":0,"32":0,"33":0,"34":0,"35":0,"36":0,"37":0,"38":0,"39":0,"40":0,"41":0,"42":0,"43":0,"44":0,"45":0,"46":0,"47":0,"48":0},"fnMap":{"1":{"name":"Bot","line":24,"loc":{"start":{"line":24,"column":0},"end":{"line":24,"column":22}}},"2":{"name":"(anonymous_2)","line":50,"loc":{"start":{"line":50,"column":21},"end":{"line":50,"column":50}}},"3":{"name":"retry","line":60,"loc":{"start":{"line":60,"column":2},"end":{"line":60,"column":19}}},"4":{"name":"(anonymous_4)","line":64,"loc":{"start":{"line":64,"column":7},"end":{"line":64,"column":33}}},"5":{"name":"(anonymous_5)","line":91,"loc":{"start":{"line":91,"column":27},"end":{"line":91,"column":56}}},"6":{"name":"retry","line":97,"loc":{"start":{"line":97,"column":2},"end":{"line":97,"column":19}}},"7":{"name":"(anonymous_7)","line":98,"loc":{"start":{"line":98,"column":32},"end":{"line":98,"column":58}}},"8":{"name":"(anonymous_8)","line":136,"loc":{"start":{"line":136,"column":18},"end":{"line":136,"column":33}}},"9":{"name":"(anonymous_9)","line":150,"loc":{"start":{"line":150,"column":40},"end":{"line":150,"column":55}}},"10":{"name":"(anonymous_10)","line":168,"loc":{"start":{"line":168,"column":28},"end":{"line":168,"column":47}}},"11":{"name":"(anonymous_11)","line":175,"loc":{"start":{"line":175,"column":5},"end":{"line":175,"column":31}}},"12":{"name":"(anonymous_12)","line":198,"loc":{"start":{"line":198,"column":22},"end":{"line":198,"column":34}}},"13":{"name":"(anonymous_13)","line":210,"loc":{"start":{"line":210,"column":7},"end":{"line":210,"column":33}}},"14":{"name":"(anonymous_14)","line":216,"loc":{"start":{"line":216,"column":30},"end":{"line":216,"column":45}}},"15":{"name":"(anonymous_15)","line":275,"loc":{"start":{"line":275,"column":22},"end":{"line":275,"column":34}}},"16":{"name":"(anonymous_16)","line":291,"loc":{"start":{"line":291,"column":21},"end":{"line":291,"column":33}}},"17":{"name":"(anonymous_17)","line":308,"loc":{"start":{"line":308,"column":22},"end":{"line":308,"column":42}}},"18":{"name":"(anonymous_18)","line":312,"loc":{"start":{"line":312,"column":33},"end":{"line":312,"column":53}}},"19":{"name":"(anonymous_19)","line":343,"loc":{"start":{"line":343,"column":37},"end":{"line":343,"column":66}}},"20":{"name":"(anonymous_20)","line":354,"loc":{"start":{"line":354,"column":6},"end":{"line":354,"column":26}}},"21":{"name":"(anonymous_21)","line":380,"loc":{"start":{"line":380,"column":24},"end":{"line":380,"column":53}}},"22":{"name":"(anonymous_22)","line":389,"loc":{"start":{"line":389,"column":5},"end":{"line":389,"column":25}}},"23":{"name":"(anonymous_23)","line":402,"loc":{"start":{"line":402,"column":22},"end":{"line":402,"column":34}}},"24":{"name":"(anonymous_24)","line":408,"loc":{"start":{"line":408,"column":21},"end":{"line":408,"column":36}}},"25":{"name":"(anonymous_25)","line":439,"loc":{"start":{"line":439,"column":28},"end":{"line":439,"column":57}}},"26":{"name":"(anonymous_26)","line":453,"loc":{"start":{"line":453,"column":5},"end":{"line":453,"column":25}}},"27":{"name":"(anonymous_27)","line":480,"loc":{"start":{"line":480,"column":31},"end":{"line":480,"column":60}}},"28":{"name":"(anonymous_28)","line":491,"loc":{"start":{"line":491,"column":5},"end":{"line":491,"column":25}}},"29":{"name":"(anonymous_29)","line":521,"loc":{"start":{"line":521,"column":26},"end":{"line":521,"column":55}}},"30":{"name":"(anonymous_30)","line":535,"loc":{"start":{"line":535,"column":7},"end":{"line":535,"column":27}}},"31":{"name":"(anonymous_31)","line":570,"loc":{"start":{"line":570,"column":7},"end":{"line":570,"column":27}}},"32":{"name":"(anonymous_32)","line":600,"loc":{"start":{"line":600,"column":26},"end":{"line":600,"column":55}}},"33":{"name":"(anonymous_33)","line":613,"loc":{"start":{"line":613,"column":7},"end":{"line":613,"column":27}}},"34":{"name":"(anonymous_34)","line":650,"loc":{"start":{"line":650,"column":7},"end":{"line":650,"column":27}}},"35":{"name":"(anonymous_35)","line":680,"loc":{"start":{"line":680,"column":29},"end":{"line":680,"column":58}}},"36":{"name":"(anonymous_36)","line":693,"loc":{"start":{"line":693,"column":7},"end":{"line":693,"column":27}}},"37":{"name":"(anonymous_37)","line":727,"loc":{"start":{"line":727,"column":7},"end":{"line":727,"column":27}}},"38":{"name":"(anonymous_38)","line":757,"loc":{"start":{"line":757,"column":28},"end":{"line":757,"column":57}}},"39":{"name":"(anonymous_39)","line":770,"loc":{"start":{"line":770,"column":7},"end":{"line":770,"column":27}}},"40":{"name":"(anonymous_40)","line":797,"loc":{"start":{"line":797,"column":7},"end":{"line":797,"column":27}}},"41":{"name":"(anonymous_41)","line":827,"loc":{"start":{"line":827,"column":26},"end":{"line":827,"column":55}}},"42":{"name":"(anonymous_42)","line":840,"loc":{"start":{"line":840,"column":7},"end":{"line":840,"column":27}}},"43":{"name":"(anonymous_43)","line":877,"loc":{"start":{"line":877,"column":7},"end":{"line":877,"column":27}}},"44":{"name":"(anonymous_44)","line":907,"loc":{"start":{"line":907,"column":29},"end":{"line":907,"column":58}}},"45":{"name":"(anonymous_45)","line":920,"loc":{"start":{"line":920,"column":5},"end":{"line":920,"column":25}}},"46":{"name":"(anonymous_46)","line":946,"loc":{"start":{"line":946,"column":31},"end":{"line":946,"column":60}}},"47":{"name":"(anonymous_47)","line":956,"loc":{"start":{"line":956,"column":5},"end":{"line":956,"column":25}}},"48":{"name":"(anonymous_48)","line":981,"loc":{"start":{"line":981,"column":32},"end":{"line":981,"column":48}}}},"statementMap":{"1":{"start":{"line":3,"column":0},"end":{"line":12,"column":27}},"2":{"start":{"line":24,"column":0},"end":{"line":39,"column":1}},"3":{"start":{"line":25,"column":2},"end":{"line":25,"column":46}},"4":{"start":{"line":26,"column":2},"end":{"line":26,"column":15}},"5":{"start":{"line":27,"column":2},"end":{"line":27,"column":23}},"6":{"start":{"line":28,"column":2},"end":{"line":28,"column":21}},"7":{"start":{"line":29,"column":2},"end":{"line":29,"column":29}},"8":{"start":{"line":30,"column":2},"end":{"line":30,"column":52}},"9":{"start":{"line":31,"column":2},"end":{"line":31,"column":60}},"10":{"start":{"line":32,"column":2},"end":{"line":32,"column":59}},"11":{"start":{"line":33,"column":2},"end":{"line":33,"column":73}},"12":{"start":{"line":34,"column":2},"end":{"line":34,"column":67}},"13":{"start":{"line":35,"column":2},"end":{"line":35,"column":23}},"14":{"start":{"line":36,"column":2},"end":{"line":36,"column":29}},"15":{"start":{"line":37,"column":2},"end":{"line":37,"column":24}},"16":{"start":{"line":38,"column":2},"end":{"line":38,"column":56}},"17":{"start":{"line":41,"column":0},"end":{"line":41,"column":33}},"18":{"start":{"line":50,"column":0},"end":{"line":82,"column":2}},"19":{"start":{"line":51,"column":2},"end":{"line":51,"column":18}},"20":{"start":{"line":52,"column":2},"end":{"line":52,"column":70}},"21":{"start":{"line":54,"column":2},"end":{"line":56,"column":3}},"22":{"start":{"line":55,"column":4},"end":{"line":55,"column":46}},"23":{"start":{"line":58,"column":2},"end":{"line":58,"column":18}},"24":{"start":{"line":60,"column":2},"end":{"line":77,"column":3}},"25":{"start":{"line":61,"column":4},"end":{"line":76,"column":7}},"26":{"start":{"line":65,"column":6},"end":{"line":75,"column":7}},"27":{"start":{"line":66,"column":8},"end":{"line":72,"column":9}},"28":{"start":{"line":67,"column":8},"end":{"line":67,"column":18}},"29":{"start":{"line":68,"column":8},"end":{"line":68,"column":36}},"30":{"start":{"line":69,"column":8},"end":{"line":69,"column":16}},"31":{"start":{"line":71,"column":10},"end":{"line":71,"column":24}},"32":{"start":{"line":74,"column":8},"end":{"line":74,"column":29}},"33":{"start":{"line":79,"column":2},"end":{"line":79,"column":10}},"34":{"start":{"line":81,"column":2},"end":{"line":81,"column":14}},"35":{"start":{"line":91,"column":0},"end":{"line":160,"column":2}},"36":{"start":{"line":92,"column":2},"end":{"line":92,"column":18}},"37":{"start":{"line":93,"column":2},"end":{"line":93,"column":70}},"38":{"start":{"line":95,"column":2},"end":{"line":95,"column":18}},"39":{"start":{"line":97,"column":2},"end":{"line":155,"column":3}},"40":{"start":{"line":98,"column":4},"end":{"line":120,"column":7}},"41":{"start":{"line":99,"column":6},"end":{"line":119,"column":7}},"42":{"start":{"line":100,"column":8},"end":{"line":106,"column":9}},"43":{"start":{"line":101,"column":10},"end":{"line":101,"column":20}},"44":{"start":{"line":102,"column":10},"end":{"line":102,"column":38}},"45":{"start":{"line":103,"column":10},"end":{"line":103,"column":18}},"46":{"start":{"line":105,"column":10},"end":{"line":105,"column":24}},"47":{"start":{"line":108,"column":8},"end":{"line":108,"column":54}},"48":{"start":{"line":110,"column":8},"end":{"line":116,"column":9}},"49":{"start":{"line":111,"column":10},"end":{"line":115,"column":11}},"50":{"start":{"line":112,"column":12},"end":{"line":112,"column":36}},"51":{"start":{"line":114,"column":12},"end":{"line":114,"column":30}},"52":{"start":{"line":118,"column":8},"end":{"line":118,"column":29}},"53":{"start":{"line":122,"column":4},"end":{"line":126,"column":20}},"54":{"start":{"line":128,"column":4},"end":{"line":128,"column":41}},"55":{"start":{"line":130,"column":4},"end":{"line":143,"column":5}},"56":{"start":{"line":131,"column":6},"end":{"line":131,"column":35}},"57":{"start":{"line":132,"column":6},"end":{"line":132,"column":43}},"58":{"start":{"line":133,"column":6},"end":{"line":133,"column":39}},"59":{"start":{"line":134,"column":6},"end":{"line":134,"column":49}},"60":{"start":{"line":136,"column":6},"end":{"line":142,"column":8}},"61":{"start":{"line":137,"column":8},"end":{"line":137,"column":38}},"62":{"start":{"line":138,"column":8},"end":{"line":138,"column":19}},"63":{"start":{"line":139,"column":8},"end":{"line":139,"column":39}},"64":{"start":{"line":140,"column":8},"end":{"line":140,"column":43}},"65":{"start":{"line":141,"column":8},"end":{"line":141,"column":40}},"66":{"start":{"line":145,"column":4},"end":{"line":148,"column":7}},"67":{"start":{"line":150,"column":4},"end":{"line":154,"column":7}},"68":{"start":{"line":151,"column":6},"end":{"line":153,"column":7}},"69":{"start":{"line":152,"column":8},"end":{"line":152,"column":46}},"70":{"start":{"line":157,"column":2},"end":{"line":157,"column":10}},"71":{"start":{"line":159,"column":2},"end":{"line":159,"column":14}},"72":{"start":{"line":168,"column":0},"end":{"line":191,"column":1}},"73":{"start":{"line":169,"column":2},"end":{"line":169,"column":18}},"74":{"start":{"line":170,"column":2},"end":{"line":170,"column":100}},"75":{"start":{"line":172,"column":2},"end":{"line":190,"column":5}},"76":{"start":{"line":176,"column":4},"end":{"line":189,"column":5}},"77":{"start":{"line":177,"column":6},"end":{"line":182,"column":4}},"78":{"start":{"line":178,"column":7},"end":{"line":178,"column":47}},"79":{"start":{"line":180,"column":4},"end":{"line":180,"column":25}},"80":{"start":{"line":181,"column":4},"end":{"line":181,"column":16}},"81":{"start":{"line":183,"column":11},"end":{"line":189,"column":5}},"82":{"start":{"line":184,"column":6},"end":{"line":184,"column":17}},"83":{"start":{"line":185,"column":6},"end":{"line":185,"column":64}},"84":{"start":{"line":187,"column":6},"end":{"line":187,"column":17}},"85":{"start":{"line":188,"column":6},"end":{"line":188,"column":56}},"86":{"start":{"line":198,"column":0},"end":{"line":268,"column":2}},"87":{"start":{"line":199,"column":2},"end":{"line":199,"column":18}},"88":{"start":{"line":200,"column":2},"end":{"line":200,"column":114}},"89":{"start":{"line":202,"column":2},"end":{"line":202,"column":29}},"90":{"start":{"line":203,"column":2},"end":{"line":265,"column":3}},"91":{"start":{"line":204,"column":4},"end":{"line":204,"column":18}},"92":{"start":{"line":206,"column":4},"end":{"line":264,"column":7}},"93":{"start":{"line":212,"column":6},"end":{"line":263,"column":7}},"94":{"start":{"line":213,"column":8},"end":{"line":213,"column":32}},"95":{"start":{"line":214,"column":13},"end":{"line":263,"column":7}},"96":{"start":{"line":215,"column":8},"end":{"line":249,"column":9}},"97":{"start":{"line":216,"column":10},"end":{"line":248,"column":13}},"98":{"start":{"line":217,"column":12},"end":{"line":247,"column":13}},"99":{"start":{"line":218,"column":14},"end":{"line":218,"column":46}},"100":{"start":{"line":220,"column":14},"end":{"line":240,"column":15}},"101":{"start":{"line":221,"column":16},"end":{"line":239,"column":17}},"102":{"start":{"line":229,"column":18},"end":{"line":229,"column":87}},"103":{"start":{"line":232,"column":18},"end":{"line":232,"column":78}},"104":{"start":{"line":234,"column":18},"end":{"line":234,"column":80}},"105":{"start":{"line":236,"column":18},"end":{"line":236,"column":89}},"106":{"start":{"line":238,"column":18},"end":{"line":238,"column":64}},"107":{"start":{"line":242,"column":14},"end":{"line":244,"column":15}},"108":{"start":{"line":243,"column":16},"end":{"line":243,"column":50}},"109":{"start":{"line":246,"column":14},"end":{"line":246,"column":48}},"110":{"start":{"line":251,"column":8},"end":{"line":253,"column":9}},"111":{"start":{"line":252,"column":12},"end":{"line":252,"column":25}},"112":{"start":{"line":255,"column":13},"end":{"line":263,"column":7}},"113":{"start":{"line":256,"column":8},"end":{"line":256,"column":56}},"114":{"start":{"line":257,"column":13},"end":{"line":263,"column":7}},"115":{"start":{"line":258,"column":8},"end":{"line":258,"column":58}},"116":{"start":{"line":259,"column":13},"end":{"line":263,"column":7}},"117":{"start":{"line":260,"column":8},"end":{"line":260,"column":56}},"118":{"start":{"line":261,"column":13},"end":{"line":263,"column":7}},"119":{"start":{"line":262,"column":8},"end":{"line":262,"column":68}},"120":{"start":{"line":267,"column":2},"end":{"line":267,"column":14}},"121":{"start":{"line":275,"column":0},"end":{"line":284,"column":2}},"122":{"start":{"line":276,"column":2},"end":{"line":276,"column":18}},"123":{"start":{"line":277,"column":2},"end":{"line":282,"column":3}},"124":{"start":{"line":278,"column":6},"end":{"line":278,"column":37}},"125":{"start":{"line":279,"column":9},"end":{"line":282,"column":3}},"126":{"start":{"line":280,"column":6},"end":{"line":280,"column":26}},"127":{"start":{"line":281,"column":6},"end":{"line":281,"column":19}},"128":{"start":{"line":283,"column":2},"end":{"line":283,"column":14}},"129":{"start":{"line":291,"column":0},"end":{"line":298,"column":2}},"130":{"start":{"line":292,"column":2},"end":{"line":292,"column":18}},"131":{"start":{"line":293,"column":2},"end":{"line":293,"column":23}},"132":{"start":{"line":294,"column":2},"end":{"line":296,"column":3}},"133":{"start":{"line":295,"column":6},"end":{"line":295,"column":34}},"134":{"start":{"line":297,"column":2},"end":{"line":297,"column":14}},"135":{"start":{"line":308,"column":0},"end":{"line":329,"column":2}},"136":{"start":{"line":309,"column":2},"end":{"line":310,"column":27}},"137":{"start":{"line":312,"column":2},"end":{"line":326,"column":5}},"138":{"start":{"line":313,"column":4},"end":{"line":315,"column":5}},"139":{"start":{"line":314,"column":6},"end":{"line":314,"column":34}},"140":{"start":{"line":317,"column":4},"end":{"line":325,"column":5}},"141":{"start":{"line":318,"column":6},"end":{"line":318,"column":30}},"142":{"start":{"line":319,"column":6},"end":{"line":319,"column":46}},"143":{"start":{"line":320,"column":6},"end":{"line":320,"column":42}},"144":{"start":{"line":322,"column":6},"end":{"line":322,"column":35}},"145":{"start":{"line":324,"column":6},"end":{"line":324,"column":27}},"146":{"start":{"line":328,"column":2},"end":{"line":328,"column":44}},"147":{"start":{"line":343,"column":0},"end":{"line":367,"column":2}},"148":{"start":{"line":344,"column":2},"end":{"line":345,"column":27}},"149":{"start":{"line":347,"column":2},"end":{"line":364,"column":5}},"150":{"start":{"line":355,"column":4},"end":{"line":357,"column":5}},"151":{"start":{"line":356,"column":6},"end":{"line":356,"column":34}},"152":{"start":{"line":359,"column":4},"end":{"line":363,"column":5}},"153":{"start":{"line":360,"column":6},"end":{"line":360,"column":35}},"154":{"start":{"line":362,"column":6},"end":{"line":362,"column":27}},"155":{"start":{"line":366,"column":2},"end":{"line":366,"column":44}},"156":{"start":{"line":380,"column":0},"end":{"line":422,"column":2}},"157":{"start":{"line":381,"column":2},"end":{"line":382,"column":27}},"158":{"start":{"line":384,"column":2},"end":{"line":419,"column":5}},"159":{"start":{"line":390,"column":4},"end":{"line":392,"column":5}},"160":{"start":{"line":391,"column":6},"end":{"line":391,"column":34}},"161":{"start":{"line":394,"column":4},"end":{"line":418,"column":5}},"162":{"start":{"line":395,"column":6},"end":{"line":395,"column":57}},"163":{"start":{"line":396,"column":6},"end":{"line":415,"column":7}},"164":{"start":{"line":397,"column":8},"end":{"line":397,"column":57}},"165":{"start":{"line":398,"column":8},"end":{"line":398,"column":87}},"166":{"start":{"line":399,"column":8},"end":{"line":399,"column":57}},"167":{"start":{"line":400,"column":8},"end":{"line":410,"column":11}},"168":{"start":{"line":403,"column":10},"end":{"line":406,"column":13}},"169":{"start":{"line":409,"column":10},"end":{"line":409,"column":33}},"170":{"start":{"line":412,"column":8},"end":{"line":414,"column":11}},"171":{"start":{"line":417,"column":6},"end":{"line":417,"column":27}},"172":{"start":{"line":421,"column":2},"end":{"line":421,"column":44}},"173":{"start":{"line":439,"column":0},"end":{"line":466,"column":2}},"174":{"start":{"line":440,"column":2},"end":{"line":441,"column":27}},"175":{"start":{"line":443,"column":2},"end":{"line":463,"column":5}},"176":{"start":{"line":454,"column":4},"end":{"line":456,"column":5}},"177":{"start":{"line":455,"column":6},"end":{"line":455,"column":34}},"178":{"start":{"line":458,"column":4},"end":{"line":462,"column":5}},"179":{"start":{"line":459,"column":6},"end":{"line":459,"column":35}},"180":{"start":{"line":461,"column":6},"end":{"line":461,"column":27}},"181":{"start":{"line":465,"column":2},"end":{"line":465,"column":44}},"182":{"start":{"line":480,"column":0},"end":{"line":504,"column":2}},"183":{"start":{"line":481,"column":2},"end":{"line":482,"column":27}},"184":{"start":{"line":484,"column":2},"end":{"line":501,"column":5}},"185":{"start":{"line":492,"column":4},"end":{"line":494,"column":5}},"186":{"start":{"line":493,"column":6},"end":{"line":493,"column":34}},"187":{"start":{"line":496,"column":4},"end":{"line":500,"column":5}},"188":{"start":{"line":497,"column":6},"end":{"line":497,"column":35}},"189":{"start":{"line":499,"column":6},"end":{"line":499,"column":27}},"190":{"start":{"line":503,"column":2},"end":{"line":503,"column":44}},"191":{"start":{"line":521,"column":0},"end":{"line":584,"column":2}},"192":{"start":{"line":522,"column":2},"end":{"line":523,"column":27}},"193":{"start":{"line":525,"column":2},"end":{"line":581,"column":3}},"194":{"start":{"line":526,"column":4},"end":{"line":545,"column":7}},"195":{"start":{"line":536,"column":6},"end":{"line":538,"column":7}},"196":{"start":{"line":537,"column":8},"end":{"line":537,"column":36}},"197":{"start":{"line":540,"column":6},"end":{"line":544,"column":7}},"198":{"start":{"line":541,"column":8},"end":{"line":541,"column":37}},"199":{"start":{"line":543,"column":8},"end":{"line":543,"column":29}},"200":{"start":{"line":547,"column":4},"end":{"line":547,"column":14}},"201":{"start":{"line":548,"column":4},"end":{"line":559,"column":5}},"202":{"start":{"line":549,"column":6},"end":{"line":554,"column":7}},"203":{"start":{"line":556,"column":6},"end":{"line":558,"column":7}},"204":{"start":{"line":561,"column":4},"end":{"line":580,"column":7}},"205":{"start":{"line":571,"column":6},"end":{"line":573,"column":7}},"206":{"start":{"line":572,"column":8},"end":{"line":572,"column":36}},"207":{"start":{"line":575,"column":6},"end":{"line":579,"column":7}},"208":{"start":{"line":576,"column":8},"end":{"line":576,"column":37}},"209":{"start":{"line":578,"column":8},"end":{"line":578,"column":29}},"210":{"start":{"line":583,"column":2},"end":{"line":583,"column":44}},"211":{"start":{"line":600,"column":0},"end":{"line":664,"column":2}},"212":{"start":{"line":601,"column":2},"end":{"line":602,"column":27}},"213":{"start":{"line":604,"column":2},"end":{"line":661,"column":3}},"214":{"start":{"line":605,"column":4},"end":{"line":623,"column":7}},"215":{"start":{"line":614,"column":6},"end":{"line":616,"column":7}},"216":{"start":{"line":615,"column":8},"end":{"line":615,"column":36}},"217":{"start":{"line":618,"column":6},"end":{"line":622,"column":7}},"218":{"start":{"line":619,"column":8},"end":{"line":619,"column":37}},"219":{"start":{"line":621,"column":8},"end":{"line":621,"column":29}},"220":{"start":{"line":625,"column":4},"end":{"line":625,"column":14}},"221":{"start":{"line":626,"column":4},"end":{"line":640,"column":5}},"222":{"start":{"line":627,"column":6},"end":{"line":632,"column":7}},"223":{"start":{"line":633,"column":11},"end":{"line":640,"column":5}},"224":{"start":{"line":634,"column":6},"end":{"line":635,"column":25}},"225":{"start":{"line":637,"column":6},"end":{"line":639,"column":7}},"226":{"start":{"line":642,"column":4},"end":{"line":660,"column":7}},"227":{"start":{"line":651,"column":6},"end":{"line":653,"column":7}},"228":{"start":{"line":652,"column":8},"end":{"line":652,"column":36}},"229":{"start":{"line":655,"column":6},"end":{"line":659,"column":7}},"230":{"start":{"line":656,"column":8},"end":{"line":656,"column":37}},"231":{"start":{"line":658,"column":8},"end":{"line":658,"column":29}},"232":{"start":{"line":663,"column":2},"end":{"line":663,"column":44}},"233":{"start":{"line":680,"column":0},"end":{"line":741,"column":2}},"234":{"start":{"line":681,"column":2},"end":{"line":682,"column":27}},"235":{"start":{"line":684,"column":2},"end":{"line":738,"column":3}},"236":{"start":{"line":685,"column":4},"end":{"line":703,"column":7}},"237":{"start":{"line":694,"column":6},"end":{"line":696,"column":7}},"238":{"start":{"line":695,"column":8},"end":{"line":695,"column":36}},"239":{"start":{"line":698,"column":6},"end":{"line":702,"column":7}},"240":{"start":{"line":699,"column":8},"end":{"line":699,"column":37}},"241":{"start":{"line":701,"column":8},"end":{"line":701,"column":29}},"242":{"start":{"line":705,"column":4},"end":{"line":705,"column":14}},"243":{"start":{"line":706,"column":4},"end":{"line":717,"column":5}},"244":{"start":{"line":707,"column":6},"end":{"line":712,"column":7}},"245":{"start":{"line":714,"column":6},"end":{"line":716,"column":7}},"246":{"start":{"line":719,"column":4},"end":{"line":737,"column":7}},"247":{"start":{"line":728,"column":6},"end":{"line":730,"column":7}},"248":{"start":{"line":729,"column":8},"end":{"line":729,"column":36}},"249":{"start":{"line":732,"column":6},"end":{"line":736,"column":7}},"250":{"start":{"line":733,"column":8},"end":{"line":733,"column":37}},"251":{"start":{"line":735,"column":8},"end":{"line":735,"column":29}},"252":{"start":{"line":740,"column":2},"end":{"line":740,"column":44}},"253":{"start":{"line":757,"column":0},"end":{"line":811,"column":2}},"254":{"start":{"line":758,"column":2},"end":{"line":759,"column":27}},"255":{"start":{"line":761,"column":2},"end":{"line":808,"column":3}},"256":{"start":{"line":762,"column":4},"end":{"line":780,"column":7}},"257":{"start":{"line":771,"column":6},"end":{"line":773,"column":7}},"258":{"start":{"line":772,"column":8},"end":{"line":772,"column":36}},"259":{"start":{"line":775,"column":6},"end":{"line":779,"column":7}},"260":{"start":{"line":776,"column":8},"end":{"line":776,"column":37}},"261":{"start":{"line":778,"column":8},"end":{"line":778,"column":29}},"262":{"start":{"line":782,"column":4},"end":{"line":785,"column":5}},"263":{"start":{"line":783,"column":6},"end":{"line":784,"column":25}},"264":{"start":{"line":787,"column":4},"end":{"line":807,"column":7}},"265":{"start":{"line":798,"column":6},"end":{"line":800,"column":7}},"266":{"start":{"line":799,"column":8},"end":{"line":799,"column":36}},"267":{"start":{"line":802,"column":6},"end":{"line":806,"column":7}},"268":{"start":{"line":803,"column":8},"end":{"line":803,"column":37}},"269":{"start":{"line":805,"column":8},"end":{"line":805,"column":29}},"270":{"start":{"line":810,"column":2},"end":{"line":810,"column":44}},"271":{"start":{"line":827,"column":0},"end":{"line":891,"column":2}},"272":{"start":{"line":828,"column":2},"end":{"line":829,"column":27}},"273":{"start":{"line":831,"column":2},"end":{"line":888,"column":3}},"274":{"start":{"line":832,"column":4},"end":{"line":850,"column":7}},"275":{"start":{"line":841,"column":6},"end":{"line":843,"column":7}},"276":{"start":{"line":842,"column":8},"end":{"line":842,"column":36}},"277":{"start":{"line":845,"column":6},"end":{"line":849,"column":7}},"278":{"start":{"line":846,"column":8},"end":{"line":846,"column":37}},"279":{"start":{"line":848,"column":8},"end":{"line":848,"column":29}},"280":{"start":{"line":852,"column":4},"end":{"line":852,"column":14}},"281":{"start":{"line":853,"column":4},"end":{"line":867,"column":5}},"282":{"start":{"line":854,"column":6},"end":{"line":859,"column":7}},"283":{"start":{"line":860,"column":11},"end":{"line":867,"column":5}},"284":{"start":{"line":861,"column":6},"end":{"line":862,"column":25}},"285":{"start":{"line":864,"column":6},"end":{"line":866,"column":7}},"286":{"start":{"line"
[...]
Callback} callback          The callback that handles the response."," * @return {Promise}  Q Promise"," *"," * @see https://core.telegram.org/bots/api#sendphoto"," */","Bot.prototype.sendPhoto = function (options, callback) {","  var self = this","    , deferred = Q.defer();","","  if (options.file_id) {","    this._get({","      method: 'sendPhoto',","      params: {","        chat_id: options.chat_id,","        caption: options.caption,","        photo: options.file_id,","        reply_to_message_id: options.reply_to_message_id,","        reply_markup: JSON.stringify(options.reply_markup)","      }","    }, function (err, res) {","      if (err) {","        return deferred.reject(err);","      }","","      if (res.ok) {","        deferred.resolve(res.result);","      } else {","        deferred.reject(res);","      }","    });","  } else {","    var files;","    if (options.files.stream) {","      files = {","        type: 'photo',","        filename: options.files.filename,","        contentType: options.files.contentType,","        stream: options.files.stream","      }","    } else {","      files = {","       photo: options.files.photo","      }","    }","","    this._multipart({","      method: 'sendPhoto',","      params: {","        chat_id: options.chat_id,","        caption: options.caption,","        reply_to_message_id: options.reply_to_message_id,","        reply_markup: JSON.stringify(options.reply_markup)","      },","      files: files","    }, function (err, res) {","      if (err) {","        return deferred.reject(err);","      }","","      if (res.ok) {","        deferred.resolve(res.result);","      } else {","        deferred.reject(res);","      }","    });","  }","","  return deferred.promise.nodeify(callback);","};","","/**"," * Use this method to send audio files, if you want Telegram clients to display the file as a playable voice message."," *"," * @param {Object}              options           Options"," * @param {Integer}             options.chat_id   Unique identifier for the message recipient — User or GroupChat id"," * @param {String}              options.audio     Path to audio file (Library will create a stream if the path exist)"," * @param {String=}             options.file_id   If file_id is passed, method will use this instead"," * @param {Integer=}            options.reply_to_message_id   If the message is a reply, ID of the original message"," * @param {Object=}             options.reply_markup    Additional interface options. {@link https://core.telegram.org/bots/api/#replykeyboardmarkup| ReplyKeyboardMarkup}"," * @param {Bot~requestCallback} callback          The callback that handles the response."," * @return {Promise}  Q Promise"," *"," * @see https://core.telegram.org/bots/api#sendaudio"," */","Bot.prototype.sendAudio = function (options, callback) {","  var self = this","    , deferred = Q.defer();","","  if (options.file_id) {","    this._get({","      method: 'sendAudio',","      params: {","        chat_id: options.chat_id,","        audio: options.file_id,","        reply_to_message_id: options.reply_to_message_id,","        reply_markup: JSON.stringify(options.reply_markup)","      }","    }, function (err, res) {","      if (err) {","        return deferred.reject(err);","      }","","      if (res.ok) {","        deferred.resolve(res.result);","      } else {","        deferred.reject(res);","      }","    });","  } else {","    var files;","    if (options.files.stream) {","      files = {","        type: 'audio',","        filename: options.files.filename,","        contentType: options.files.contentType,","        stream: options.files.stream","      }","    } else if (mime.lookup(options.files.audio) !== 'audio/ogg') {","      return Q.reject(new Error('Invalid file type'))","      .nodeify(callback);","    } else {","      files = {","        audio: options.files.audio","      }","    }","","    this._multipart({","      method: 'sendAudio',","      params: {","        chat_id: options.chat_id,","        reply_to_message_id: options.reply_to_message_id,","        reply_markup: JSON.stringify(options.reply_markup)","      },","      files: files","    }, function (err, res) {","      if (err) {","        return deferred.reject(err);","      }","","      if (res.ok) {","        deferred.resolve(res.result);","      } else {","        deferred.reject(res);","      }","    });","  }","","  return deferred.promise.nodeify(callback);","};","","/**"," * Use this method to send general files."," *"," * @param {Object}              options           Options"," * @param {Integer}             options.chat_id   Unique identifier for the message recipient — User or GroupChat id"," * @param {String}              options.document  Path to document file (Library will create a stream if the path exist)"," * @param {String=}             options.file_id   If file_id is passed, method will use this instead"," * @param {Integer=}            options.reply_to_message_id   If the message is a reply, ID of the original message"," * @param {Object=}             options.reply_markup    Additional interface options. {@link https://core.telegram.org/bots/api/#replykeyboardmarkup| ReplyKeyboardMarkup}"," * @param {Bot~requestCallback} callback          The callback that handles the response."," * @return {Promise}  Q Promise"," *"," * @see https://core.telegram.org/bots/api#senddocument"," */","Bot.prototype.sendDocument = function (options, callback) {","  var self = this","    , deferred = Q.defer();","","  if (options.file_id) {","    this._get({","      method: 'sendDocument',","      params: {","        chat_id: options.chat_id,","        document: options.file_id,","        reply_to_message_id: options.reply_to_message_id,","        reply_markup: JSON.stringify(options.reply_markup)","      }","    }, function (err, res) {","      if (err) {","        return deferred.reject(err);","      }","","      if (res.ok) {","        deferred.resolve(res.result);","      } else {","        deferred.reject(res);","      }","    });","  } else {","    var files;","    if (options.files.stream) {","      files = {","        type: 'document',","        filename: options.files.filename,","        contentType: options.files.contentType,","        stream: options.files.stream","      }","    } else {","      files = {","        document: options.files.document","      }","    }","","    this._multipart({","      method: 'sendDocument',","      params: {","        chat_id: options.chat_id,","        reply_to_message_id: options.reply_to_message_id,","        reply_markup: JSON.stringify(options.reply_markup)","      },","      files: files","    }, function (err, res) {","      if (err) {","        return deferred.reject(err);","      }","","      if (res.ok) {","        deferred.resolve(res.result);","      } else {","        deferred.reject(res);","      }","    });","  }","","  return deferred.promise.nodeify(callback);","};","","/**"," * Use this method to send .webp stickers."," *"," * @param {Object}              options           Options"," * @param {Integer}             options.chat_id   Unique identifier for the message recipient — User or GroupChat id"," * @param {String}              options.sticker   Path to sticker file (Library will create a stream if the path exist)"," * @param {String=}             options.file_id   If file_id is passed, method will use this instead"," * @param {Integer=}            options.reply_to_message_id   If the message is a reply, ID of the original message"," * @param {Object=}             options.reply_markup    Additional interface options. {@link https://core.telegram.org/bots/api/#replykeyboardmarkup| ReplyKeyboardMarkup}"," * @param {Bot~requestCallback} callback          The callback that handles the response."," * @return {Promise}  Q Promise"," *"," * @see https://core.telegram.org/bots/api#sendsticker"," */","Bot.prototype.sendSticker = function (options, callback) {","  var self = this","    , deferred = Q.defer();","","  if (options.file_id) {","    this._get({","      method: 'sendSticker',","      params: {","        chat_id: options.chat_id,","        sticker: options.file_id,","        reply_to_message_id: options.reply_to_message_id,","        reply_markup: JSON.stringify(options.reply_markup)","      }","    }, function (err, res) {","      if (err) {","        return deferred.reject(err);","      }","","      if (res.ok) {","        deferred.resolve(res.result);","      } else {","        deferred.reject(res);","      }","    });","  } else {","    if (mime.lookup(options.files.sticker) !== 'image/webp') {","      return Q.reject(new Error('Invalid file type'))","      .nodeify(callback);","    }","","    this._multipart({","      method: 'sendSticker',","      params: {","        chat_id: options.chat_id,","        reply_to_message_id: options.reply_to_message_id,","        reply_markup: JSON.stringify(options.reply_markup)","      },","      files: {","        sticker: options.files.sticker","      }","    }, function (err, res) {","      if (err) {","        return deferred.reject(err);","      }","","      if (res.ok) {","        deferred.resolve(res.result);","      } else {","        deferred.reject(res);","      }","    });","  }","","  return deferred.promise.nodeify(callback);","};","","/**"," * Use this method to send video files, Telegram clients support mp4 video."," *"," * @param {Object}              options           Options"," * @param {Integer}             options.chat_id   Unique identifier for the message recipient — User or GroupChat id"," * @param {String}              options.video   Path to video file (Library will create a stream if the path exist)"," * @param {String=}             options.file_id   If file_id is passed, method will use this instead"," * @param {Integer=}            options.reply_to_message_id   If the message is a reply, ID of the original message"," * @param {Object=}             options.reply_markup    Additional interface options. {@link https://core.telegram.org/bots/api/#replykeyboardmarkup| ReplyKeyboardMarkup}"," * @param {Bot~requestCallback} callback          The callback that handles the response."," * @return {Promise}  Q Promise"," *"," * @see https://core.telegram.org/bots/api#sendvideo"," */","Bot.prototype.sendVideo = function (options, callback) {","  var self = this","    , deferred = Q.defer();","","  if (options.file_id) {","    this._get({","      method: 'sendSticker',","      params: {","        chat_id: options.chat_id,","        video: options.file_id,","        reply_to_message_id: options.reply_to_message_id,","        reply_markup: JSON.stringify(options.reply_markup)","      }","    }, function (err, res) {","      if (err) {","        return deferred.reject(err);","      }","","      if (res.ok) {","        deferred.resolve(res.result);","      } else {","        deferred.reject(res);","      }","    });","  } else {","    var files;","    if (options.files.stream) {","      files = {","        type: 'video',","        filename: options.files.filename,","        contentType: options.files.contentType,","        stream: options.files.stream","      }","    } else if (mime.lookup(options.files.video.filename) !== 'video/mp4') {","      return Q.reject(new Error('Invalid file type'))","      .nodeify(callback);","    } else {","      files = {","        video: options.files.video","      }","    }","","    this._multipart({","      method: 'sendVideo',","      params: {","        chat_id: options.chat_id,","        reply_to_message_id: options.reply_to_message_id,","        reply_markup: JSON.stringify(options.reply_markup)","      },","      files: files","    }, function (err, res) {","      if (err) {","        return deferred.reject(err);","      }","","      if (res.ok) {","        deferred.resolve(res.result);","      } else {","        deferred.reject(res);","      }","    });","  }","","  return deferred.promise.nodeify(callback);","};","","/**"," * Use this method to send point on the map."," *"," * @param {Object}              options           Options"," * @param {Integer}             options.chat_id   Unique identifier for the message recipient — User or GroupChat id"," * @param {Float}               options.latitude  Latitude of location"," * @param {Float}               options.longitude Longitude of location"," * @param {Integer=}            options.reply_to_message_id   If the message is a reply, ID of the original message"," * @param {Object=}             options.reply_markup    Additional interface options. {@link https://core.telegram.org/bots/api/#replykeyboardmarkup| ReplyKeyboardMarkup}"," * @param {Bot~requestCallback} callback          The callback that handles the response."," * @return {Promise}  Q Promise"," *"," * @see https://core.telegram.org/bots/api#sendlocation"," */","Bot.prototype.sendLocation = function (options, callback) {","  var self = this","    , deferred = Q.defer();","","  this._get({","    method: 'sendLocation',","    params: {","      chat_id: options.chat_id,","      latitude: options.latitude,","      longitude: options.longitude,","      reply_to_message_id: options.reply_to_message_id,","      reply_markup: JSON.stringify(options.reply_markup)","    }","  }, function (err, res) {","    if (err) {","      return deferred.reject(err);","    }","","    if (res.ok) {","      deferred.resolve(res.result);","    } else {","      deferred.reject(res);","    }","  });","","  return deferred.promise.nodeify(callback);","};","","/**"," * Use this method when you need to tell the user that something is happening on the bot's side."," *"," * @param {Object}              options           Options"," * @param {Integer}             options.chat_id   Unique identifier for the message recipient — User or GroupChat id"," * @param {String}              options.action    Type of action to broadcast."," * @param {Bot~requestCallback} callback          The callback that handles the response."," * @return {Promise}  Q Promise"," *"," * @see https://core.telegram.org/bots/api#sendchataction"," */","Bot.prototype.sendChatAction = function (options, callback) {","  var self = this","    , deferred = Q.defer();","","  this._get({","    method: 'sendChatAction',","    params: {","      chat_id: options.chat_id,","      action: options.action","    }","  }, function (err, res) {","    if (err) {","      return deferred.reject(err);","    }","","    if (res.ok) {","      deferred.resolve(res.result);","    } else {","      deferred.reject(res);","    }","  });","","  return deferred.promise.nodeify(callback);","};","","/**"," * Analytics from http://botan.io/"," * Allows all incoming messages, and you can make tagging, for specific messages"," * bot.analytics.track(message, 'Specific tag');"," *"," * @param  {String} token You can take this token here: https://appmetrica.yandex.com/"," * @return {Bot}          Self"," *"," * @see https://github.com/botanio/sdk"," */","Bot.prototype.enableAnalytics = function(token) {","  this.analytics = botanio(token);","","  return this;","};","","module.exports = Bot;",""],"l":{"3":1,"24":1,"25":0,"26":0,"27":0,"28":0,"29":0,"30":0,"31":0,"32":0,"33":0,"34":0,"35":0,"36":0,"37":0,"38":0,"41":1,"50":1,"51":0,"52":0,"54":0,"55":0,"58":0,"60":1,"61":0,"65":0,"66":0,"67":0,"68":0,"69":0,"71":0,"74":0,"79":0,"81":0,"91":1,"92":0,"93":0,"95":0,"97":1,"98":0,"99":0,"100":0,"101":0,"102":0,"103":0,"105":0,"108":0,"110":0,"111":0,"112":0,"114":0,"118":0,"122":0,"128":0,"130":0,"131":0,"132":0,"133":0,"134":0,"136":0,"137":0,"138":0,"139":0,"140":0,"141":0,"145":0,"150":0,"151":0,"152":0,"157":0,"159":0,"168":1,"169":0,"170":0,"172":0,"176":0,"177":0,"178":0,"180":0,"181":0,"183":0,"184":0,"185":0,"187":0,"188":0,"198":1,"199":0,"200":0,"202":0,"203":0,"204":0,"206":0,"212":0,"213":0,"214":0,"215":0,"216":0,"217":0,"218":0,"220":0,"221":0,"229":0,"232":0,"234":0,"236":0,"238":0,"242":0,"243":0,"246":0,"251":0,"252":0,"255":0,"256":0,"257":0,"258":0,"259":0,"260":0,"261":0,"262":0,"267":0,"275":1,"276":0,"277":0,"278":0,"279":0,"280":0,"281":0,"283":0,"291":1,"292":0,"293":0,"294":0,"295":0,"297":0,"308":1,"309":0,"312":0,"313":0,"314":0,"317":0,"318":0,"319":0,"320":0,"322":0,"324":0,"328":0,"343":1,"344":0,"347":0,"355":0,"356":0,"359":0,"360":0,"362":0,"366":0,"380":1,"381":0,"384":0,"390":0,"391":0,"394":0,"395":0,"396":0,"397":0,"398":0,"399":0,"400":0,"403":0,"409":0,"412":0,"417":0,"421":0,"439":1,"440":0,"443":0,"454":0,"455":0,"458":0,"459":0,"461":0,"465":0,"480":1,"481":0,"484":0,"492":0,"493":0,"496":0,"497":0,"499":0,"503":0,"521":1,"522":0,"525":0,"526":0,"536":0,"537":0,"540":0,"541":0,"543":0,"547":0,"548":0,"549":0,"556":0,"561":0,"571":0,"572":0,"575":0,"576":0,"578":0,"583":0,"600":1,"601":0,"604":0,"605":0,"614":0,"615":0,"618":0,"619":0,"621":0,"625":0,"626":0,"627":0,"633":0,"634":0,"637":0,"642":0,"651":0,"652":0,"655":0,"656":0,"658":0,"663":0,"680":1,"681":0,"684":0,"685":0,"694":0,"695":0,"698":0,"699":0,"701":0,"705":0,"706":0,"707":0,"714":0,"719":0,"728":0,"729":0,"732":0,"733":0,"735":0,"740":0,"757":1,"758":0,"761":0,"762":0,"771":0,"772":0,"775":0,"776":0,"778":0,"782":0,"783":0,"787":0,"798":0,"799":0,"802":0,"803":0,"805":0,"810":0,"827":1,"828":0,"831":0,"832":0,"841":0,"842":0,"845":0,"846":0,"848":0,"852":0,"853":0,"854":0,"860":0,"861":0,"864":0,"869":0,"878":0,"879":0,"882":0,"883":0,"885":0,"890":0,"907":1,"908":0,"911":0,"921":0,"922":0,"925":0,"926":0,"928":0,"932":0,"946":1,"947":0,"950":0,"957":0,"958":0,"961":0,"962":0,"964":0,"968":0,"981":1,"982":0,"984":0,"987":1}},"/home/travis/build/npmtest/node-npmtest-node-telegram-bot/node_modules/node-telegram-bot/gulpfile.js":{"path":"/home/travis/build/npmtest/node-npmtest-node-telegram-bot/node_modules/node-telegram-bot/gulpfile.js","s":{"1":2,"2":0,"3":0,"4":0,"5":0,"6":0,"7":0,"8":0,"9":0},"b":{},"f":{"1":0,"2":0,"3":0,"4":0},"fnMap":{"1":{"name":"(anonymous_1)","line":8,"loc":{"start":{"line":8,"column":18},"end":{"line":8,"column":30}}},"2":{"name":"(anonymous_2)","line":13,"loc":{"start":{"line":13,"column":18},"end":{"line":13,"column":30}}},"3":{"name":"(anonymous_3)","line":24,"loc":{"start":{"line":24,"column":30},"end":{"line":24,"column":42}}},"4":{"name":"(anonymous_4)","line":28,"loc":{"start":{"line":28,"column":31},"end":{"line":28,"column":43}}}},"statementMap":{"1":{"start":{"line":1,"column":0},"end":{"line":6,"column":27}},"2":{"start":{"line":8,"column":0},"end":{"line":11,"column":3}},"3":{"start":{"line":9,"column":2},"end":{"line":10,"column":37}},"4":{"start":{"line":13,"column":0},"end":{"line":18,"column":3}},"5":{"start":{"line":14,"column":2},"end":{"line":17,"column":32}},"6":{"start":{"line":20,"column":0},"end":{"line":22,"column":4}},"7":{"start":{"line":24,"column":0},"end":{"line":26,"column":3}},"8":{"start":{"line":25,"column":2},"end":{"line":25,"column":62}},"9":{"start":{"line":28,"column":0},"end":{"line":30,"column":3}}},"branchMap":{},"code":["var gulp = require('gulp')","  , eslint = require('gulp-eslint')","  , mocha = require('gulp-mocha')","  , shell = require('gulp-shell')","  , ghpages = require('gh-pages')","  , path = require('path');","","gulp.task('test', function () {","  return gulp.src('test/index.js', { read: false })","    .pipe(mocha({reporter: 'spec'}));","});","","gulp.task('lint', function () {","  return gulp.src(['lib/*.js'])","    .pipe(eslint())","    .pipe(eslint.format())","    .pipe(eslint.failOnError());","});","","gulp.task('doc', shell.task([","  './node_modules/jsdoc/jsdoc.js lib/*.js -d doc -t ./node_modules/ink-docstrap/template -c jsdoc.conf.json'","]));","","gulp.task('publish', ['doc'], function () {","  ghpages.publish(path.join(__dirname, 'doc'), console.error);","});","","gulp.task('default', ['lint'], function () {","    // This will only run if the lint task is successful...","});",""],"l":{"1":2,"8":0,"9":0,"13":0,"14":0,"20":0,"24":0,"25":0,"28":0}}}